#
# A fatal error has been detected by the Java Runtime Environment:
#
#  EXCEPTION_ACCESS_VIOLATION (0xc0000005) at pc=0x00007ff9d6c6cefc, pid=22764, tid=6524
#
# JRE version: OpenJDK Runtime Environment Corretto-17.0.5.8.1 (17.0.5+8) (build 17.0.5+8-LTS)
# Java VM: OpenJDK 64-Bit Server VM Corretto-17.0.5.8.1 (17.0.5+8-LTS, mixed mode, sharing, tiered, compressed oops, compressed class ptrs, g1 gc, windows-amd64)
# Problematic frame:
# C  [lwjgl_opengl.dll+0xcefc]
#
# No core dump will be written. Minidumps are not enabled by default on client versions of Windows
#
# If you would like to submit a bug report, please visit:
#   https://github.com/corretto/corretto-17/issues/
# The crash happened outside the Java Virtual Machine in native code.
# See problematic frame for where to report the bug.
#

---------------  S U M M A R Y ------------

Command Line: -javaagent:C:\Program Files\JetBrains\IntelliJ IDEA Community Edition 2022.3.1\lib\idea_rt.jar=52533:C:\Program Files\JetBrains\IntelliJ IDEA Community Edition 2022.3.1\bin -Dfile.encoding=UTF-8 Practice

Host: Intel(R) Core(TM) i7-2670QM CPU @ 2.20GHz, 8 cores, 3G,  Windows 10 , 64 bit Build 19041 (10.0.19041.3570)
Time: Thu Nov 30 10:30:56 2023 Pacific Standard Time elapsed time: 4.058312 seconds (0d 0h 0m 4s)

---------------  T H R E A D  ---------------

Current thread (0x00000174fe7e7900):  JavaThread "main" [_thread_in_native, id=6524, stack(0x0000003075b00000,0x0000003075c00000)]

Stack: [0x0000003075b00000,0x0000003075c00000],  sp=0x0000003075bff278,  free space=1020k
Native frames: (J=compiled Java code, j=interpreted, Vv=VM code, C=native code)
C  [lwjgl_opengl.dll+0xcefc]

Java frames: (J=compiled Java code, j=interpreted, Vv=VM code)
j  org.lwjgl.opengl.GL11C.glViewport(IIII)V+0
j  org.lwjgl.opengl.GL11.glViewport(IIII)V+4
j  Practice.main([Ljava/lang/String;)V+28
v  ~StubRoutines::call_stub

siginfo: EXCEPTION_ACCESS_VIOLATION (0xc0000005), reading address 0x0000000000000a78


Register to memory mapping:

RIP=0x00007ff9d6c6cefc lwjgl_opengl.dll
RAX=0x000001749b587830 points into unknown readable memory: 0x0000000000000000 | 00 00 00 00 00 00 00 00
RBX={method} {0x000001749b121210} 'glViewport' '(IIII)V' in 'org/lwjgl/opengl/GL11C'
RCX=0x0 is NULL
RDX=0x0 is NULL
RSP=0x0000003075bff278 is pointing into the stack for thread: 0x00000174fe7e7900
RBP=0x0000003075bff308 is pointing into the stack for thread: 0x00000174fe7e7900
RSI=0x0 is NULL
RDI=0x0000017487a395cd is at code_begin+1325 in an Interpreter codelet
return entry points  [0x0000017487a390a0, 0x0000017487a39ba0]  2816 bytes
R8 =0x00000000000000c8 is an unknown value
R9 =0x00000000000000c8 is an unknown value
R10=0x0 is NULL
R11=0x00000000c4c30190 is an oop: java.lang.Class 
{0x00000000c4c30190} - klass: 'java/lang/Class'
 - ---- fields (total size 116 words):
 - private volatile transient 'classRedefinedCount' 'I' @12  0
 - private volatile transient 'cachedConstructor' 'Ljava/lang/reflect/Constructor;' @40  NULL (0)
 - private transient 'name' 'Ljava/lang/String;' @44  "org.lwjgl.opengl.GL11C"{0x00000000c4c30540} (c4c30540)
 - private transient 'module' 'Ljava/lang/Module;' @48  a 'java/lang/Module'{0x00000000c53606f0} (c53606f0)
 - private final 'classLoader' 'Ljava/lang/ClassLoader;' @52  a 'jdk/internal/loader/ClassLoaders$AppClassLoader'{0x00000000c5360530} (c5360530)
 - private transient 'classData' 'Ljava/lang/Object;' @56  NULL (0)
 - private transient 'packageName' 'Ljava/lang/String;' @60  "org.lwjgl.opengl"{0x00000000c4e789f0} (c4e789f0)
 - private final 'componentType' 'Ljava/lang/Class;' @64  NULL (0)
 - private volatile transient 'reflectionData' 'Ljava/lang/ref/SoftReference;' @68  NULL (0)
 - private volatile transient 'genericInfo' 'Lsun/reflect/generics/repository/ClassRepository;' @72  NULL (0)
 - private volatile transient 'enumConstants' '[Ljava/lang/Object;' @76  NULL (0)
 - private volatile transient 'enumConstantDirectory' 'Ljava/util/Map;' @80  NULL (0)
 - private volatile transient 'annotationData' 'Ljava/lang/Class$AnnotationData;' @84  NULL (0)
 - private volatile transient 'annotationType' 'Lsun/reflect/annotation/AnnotationType;' @88  NULL (0)
 - transient 'classValueMap' 'Ljava/lang/ClassValue$ClassValueMap;' @92  NULL (0)
 - signature: Lorg/lwjgl/opengl/GL11C;
 - fake entry for mirror: 'org/lwjgl/opengl/GL11C'
 - fake entry for array: NULL
 - fake entry for oop_size: 116
 - fake entry for static_oop_field_count: 0
 - public static final 'GL_NEVER' 'I' @112  512 (200)
 - public static final 'GL_LESS' 'I' @116  513 (201)
 - public static final 'GL_EQUAL' 'I' @120  514 (202)
 - public static final 'GL_LEQUAL' 'I' @124  515 (203)
 - public static final 'GL_GREATER' 'I' @128  516 (204)
 - public static final 'GL_NOTEQUAL' 'I' @132  517 (205)
 - public static final 'GL_GEQUAL' 'I' @136  518 (206)
 - public static final 'GL_ALWAYS' 'I' @140  519 (207)
 - public static final 'GL_DEPTH_BUFFER_BIT' 'I' @144  256 (100)
 - public static final 'GL_STENCIL_BUFFER_BIT' 'I' @148  1024 (400)
 - public static final 'GL_COLOR_BUFFER_BIT' 'I' @152  16384 (4000)
 - public static final 'GL_POINTS' 'I' @156  0
 - public static final 'GL_LINES' 'I' @160  1
 - public static final 'GL_LINE_LOOP' 'I' @164  2
 - public static final 'GL_LINE_STRIP' 'I' @168  3
 - public static final 'GL_TRIANGLES' 'I' @172  4
 - public static final 'GL_TRIANGLE_STRIP' 'I' @176  5
 - public static final 'GL_TRIANGLE_FAN' 'I' @180  6
 - public static final 'GL_QUADS' 'I' @184  7
 - public static final 'GL_ZERO' 'I' @188  0
 - public static final 'GL_ONE' 'I' @192  1
 - public static final 'GL_SRC_COLOR' 'I' @196  768 (300)
 - public static final 'GL_ONE_MINUS_SRC_COLOR' 'I' @200  769 (301)
 - public static final 'GL_SRC_ALPHA' 'I' @204  770 (302)
 - public static final 'GL_ONE_MINUS_SRC_ALPHA' 'I' @208  771 (303)
 - public static final 'GL_DST_ALPHA' 'I' @212  772 (304)
 - public static final 'GL_ONE_MINUS_DST_ALPHA' 'I' @216  773 (305)
 - public static final 'GL_DST_COLOR' 'I' @220  774 (306)
 - public static final 'GL_ONE_MINUS_DST_COLOR' 'I' @224  775 (307)
 - public static final 'GL_SRC_ALPHA_SATURATE' 'I' @228  776 (308)
 - public static final 'GL_TRUE' 'I' @232  1
 - public static final 'GL_FALSE' 'I' @236  0
 - public static final 'GL_BYTE' 'I' @240  5120 (1400)
 - public static final 'GL_UNSIGNED_BYTE' 'I' @244  5121 (1401)
 - public static final 'GL_SHORT' 'I' @248  5122 (1402)
 - public static final 'GL_UNSIGNED_SHORT' 'I' @252  5123 (1403)
 - public static final 'GL_INT' 'I' @256  5124 (1404)
 - public static final 'GL_UNSIGNED_INT' 'I' @260  5125 (1405)
 - public static final 'GL_FLOAT' 'I' @264  5126 (1406)
 - public static final 'GL_DOUBLE' 'I' @268  5130 (140a)
 - public static final 'GL_NONE' 'I' @272  0
 - public static final 'GL_FRONT_LEFT' 'I' @276  1024 (400)
 - public static final 'GL_FRONT_RIGHT' 'I' @280  1025 (401)
 - public static final 'GL_BACK_LEFT' 'I' @284  1026 (402)
 - public static final 'GL_BACK_RIGHT' 'I' @288  1027 (403)
 - public static final 'GL_FRONT' 'I' @292  1028 (404)
 - public static final 'GL_BACK' 'I' @296  1029 (405)
 - public static final 'GL_LEFT' 'I' @300  1030 (406)
 - public static final 'GL_RIGHT' 'I' @304  1031 (407)
 - public static final 'GL_FRONT_AND_BACK' 'I' @308  1032 (408)
 - public static final 'GL_NO_ERROR' 'I' @312  0
 - public static final 'GL_INVALID_ENUM' 'I' @316  1280 (500)
 - public static final 'GL_INVALID_VALUE' 'I' @320  1281 (501)
 - public static final 'GL_INVALID_OPERATION' 'I' @324  1282 (502)
 - public static final 'GL_STACK_OVERFLOW' 'I' @328  1283 (503)
 - public static final 'GL_STACK_UNDERFLOW' 'I' @332  1284 (504)
 - public static final 'GL_OUT_OF_MEMORY' 'I' @336  1285 (505)
 - public static final 'GL_CW' 'I' @340  2304 (900)
 - public static final 'GL_CCW' 'I' @344  2305 (901)
 - public static final 'GL_POINT_SIZE' 'I' @348  2833 (b11)
 - public static final 'GL_POINT_SIZE_RANGE' 'I' @352  2834 (b12)
 - public static final 'GL_POINT_SIZE_GRANULARITY' 'I' @356  2835 (b13)
 - public static final 'GL_LINE_SMOOTH' 'I' @360  2848 (b20)
 - public static final 'GL_LINE_WIDTH' 'I' @364  2849 (b21)
 - public static final 'GL_LINE_WIDTH_RANGE' 'I' @368  2850 (b22)
 - public static final 'GL_LINE_WIDTH_GRANULARITY' 'I' @372  2851 (b23)
 - public static final 'GL_POLYGON_MODE' 'I' @376  2880 (b40)
 - public static final 'GL_POLYGON_SMOOTH' 'I' @380  2881 (b41)
 - public static final 'GL_CULL_FACE' 'I' @384  2884 (b44)
 - public static final 'GL_CULL_FACE_MODE' 'I' @388  2885 (b45)
 - public static final 'GL_FRONT_FACE' 'I' @392  2886 (b46)
 - public static final 'GL_DEPTH_RANGE' 'I' @396  2928 (b70)
 - public static final 'GL_DEPTH_TEST' 'I' @400  2929 (b71)
 - public static final 'GL_DEPTH_WRITEMASK' 'I' @404  2930 (b72)
 - public static final 'GL_DEPTH_CLEAR_VALUE' 'I' @408  2931 (b73)
 - public static final 'GL_DEPTH_FUNC' 'I' @412  2932 (b74)
 - public static final 'GL_STENCIL_TEST' 'I' @416  2960 (b90)
 - public static final 'GL_STENCIL_CLEAR_VALUE' 'I' @420  2961 (b91)
 - public static final 'GL_STENCIL_FUNC' 'I' @424  2962 (b92)
 - public static final 'GL_STENCIL_VALUE_MASK' 'I' @428  2963 (b93)
 - public static final 'GL_STENCIL_FAIL' 'I' @432  2964 (b94)
 - public static final 'GL_STENCIL_PASS_DEPTH_FAIL' 'I' @436  2965 (b95)
 - public static final 'GL_STENCIL_PASS_DEPTH_PASS' 'I' @440  2966 (b96)
 - public static final 'GL_STENCIL_REF' 'I' @444  2967 (b97)
 - public static final 'GL_STENCIL_WRITEMASK' 'I' @448  2968 (b98)
 - public static final 'GL_VIEWPORT' 'I' @452  2978 (ba2)
 - public static final 'GL_DITHER' 'I' @456  3024 (bd0)
 - public static final 'GL_BLEND_DST' 'I' @460  3040 (be0)
 - public static final 'GL_BLEND_SRC' 'I' @464  3041 (be1)
 - public static final 'GL_BLEND' 'I' @468  3042 (be2)
 - public static final 'GL_LOGIC_OP_MODE' 'I' @472  3056 (bf0)
 - public static final 'GL_COLOR_LOGIC_OP' 'I' @476  3058 (bf2)
 - public static final 'GL_DRAW_BUFFER' 'I' @480  3073 (c01)
 - public static final 'GL_READ_BUFFER' 'I' @484  3074 (c02)
 - public static final 'GL_SCISSOR_BOX' 'I' @488  3088 (c10)
 - public static final 'GL_SCISSOR_TEST' 'I' @492  3089 (c11)
 - public static final 'GL_COLOR_CLEAR_VALUE' 'I' @496  3106 (c22)
 - public static final 'GL_COLOR_WRITEMASK' 'I' @500  3107 (c23)
 - public static final 'GL_DOUBLEBUFFER' 'I' @504  3122 (c32)
 - public static final 'GL_STEREO' 'I' @508  3123 (c33)
 - public static final 'GL_LINE_SMOOTH_HINT' 'I' @512  3154 (c52)
 - public static final 'GL_POLYGON_SMOOTH_HINT' 'I' @516  3155 (c53)
 - public static final 'GL_UNPACK_SWAP_BYTES' 'I' @520  3312 (cf0)
 - public static final 'GL_UNPACK_LSB_FIRST' 'I' @524  3313 (cf1)
 - public static final 'GL_UNPACK_ROW_LENGTH' 'I' @528  3314 (cf2)
 - public static final 'GL_UNPACK_SKIP_ROWS' 'I' @532  3315 (cf3)
 - public static final 'GL_UNPACK_SKIP_PIXELS' 'I' @536  3316 (cf4)
 - public static final 'GL_UNPACK_ALIGNMENT' 'I' @540  3317 (cf5)
 - public static final 'GL_PACK_SWAP_BYTES' 'I' @544  3328 (d00)
 - public static final 'GL_PACK_LSB_FIRST' 'I' @548  3329 (d01)
 - public static final 'GL_PACK_ROW_LENGTH' 'I' @552  3330 (d02)
 - public static final 'GL_PACK_SKIP_ROWS' 'I' @556  3331 (d03)
 - public static final 'GL_PACK_SKIP_PIXELS' 'I' @560  3332 (d04)
 - public static final 'GL_PACK_ALIGNMENT' 'I' @564  3333 (d05)
 - public static final 'GL_MAX_TEXTURE_SIZE' 'I' @568  3379 (d33)
 - public static final 'GL_MAX_VIEWPORT_DIMS' 'I' @572  3386 (d3a)
 - public static final 'GL_SUBPIXEL_BITS' 'I' @576  3408 (d50)
 - public static final 'GL_TEXTURE_1D' 'I' @580  3552 (de0)
 - public static final 'GL_TEXTURE_2D' 'I' @584  3553 (de1)
 - public static final 'GL_TEXTURE_WIDTH' 'I' @588  4096 (1000)
 - public static final 'GL_TEXTURE_HEIGHT' 'I' @592  4097 (1001)
 - public static final 'GL_TEXTURE_INTERNAL_FORMAT' 'I' @596  4099 (1003)
 - public static final 'GL_TEXTURE_BORDER_COLOR' 'I' @600  4100 (1004)
 - public static final 'GL_DONT_CARE' 'I' @604  4352 (1100)
 - public static final 'GL_FASTEST' 'I' @608  4353 (1101)
 - public static final 'GL_NICEST' 'I' @612  4354 (1102)
 - public static final 'GL_CLEAR' 'I' @616  5376 (1500)
 - public static final 'GL_AND' 'I' @620  5377 (1501)
 - public static final 'GL_AND_REVERSE' 'I' @624  5378 (1502)
 - public static final 'GL_COPY' 'I' @628  5379 (1503)
 - public static final 'GL_AND_INVERTED' 'I' @632  5380 (1504)
 - public static final 'GL_NOOP' 'I' @636  5381 (1505)
 - public static final 'GL_XOR' 'I' @640  5382 (1506)
 - public static final 'GL_OR' 'I' @644  5383 (1507)
 - public static final 'GL_NOR' 'I' @648  5384 (1508)
 - public static final 'GL_EQUIV' 'I' @652  5385 (1509)
 - public static final 'GL_INVERT' 'I' @656  5386 (150a)
 - public static final 'GL_OR_REVERSE' 'I' @660  5387 (150b)
 - public static final 'GL_COPY_INVERTED' 'I' @664  5388 (150c)
 - public static final 'GL_OR_INVERTED' 'I' @668  5389 (150d)
 - public static final 'GL_NAND' 'I' @672  5390 (150e)
 - public static final 'GL_SET' 'I' @676  5391 (150f)
 - public static final 'GL_TEXTURE' 'I' @680  5890 (1702)
 - public static final 'GL_COLOR' 'I' @684  6144 (1800)
 - public static final 'GL_DEPTH' 'I' @688  6145 (1801)
 - public static final 'GL_STENCIL' 'I' @692  6146 (1802)
 - public static final 'GL_STENCIL_INDEX' 'I' @696  6401 (1901)
 - public static final 'GL_DEPTH_COMPONENT' 'I' @700  6402 (1902)
 - public static final 'GL_RED' 'I' @704  6403 (1903)
 - public static final 'GL_GREEN' 'I' @708  6404 (1904)
 - public static final 'GL_BLUE' 'I' @712  6405 (1905)
 - public static final 'GL_ALPHA' 'I' @716  6406 (1906)
 - public static final 'GL_RGB' 'I' @720  6407 (1907)
 - public static final 'GL_RGBA' 'I' @724  6408 (1908)
 - public static final 'GL_POINT' 'I' @728  6912 (1b00)
 - public static final 'GL_LINE' 'I' @732  6913 (1b01)
 - public static final 'GL_FILL' 'I' @736  6914 (1b02)
 - public static final 'GL_KEEP' 'I' @740  7680 (1e00)
 - public static final 'GL_REPLACE' 'I' @744  7681 (1e01)
 - public static final 'GL_INCR' 'I' @748  7682 (1e02)
 - public static final 'GL_DECR' 'I' @752  7683 (1e03)
 - public static final 'GL_VENDOR' 'I' @756  7936 (1f00)
 - public static final 'GL_RENDERER' 'I' @760  7937 (1f01)
 - public static final 'GL_VERSION' 'I' @764  7938 (1f02)
 - public static final 'GL_EXTENSIONS' 'I' @768  7939 (1f03)
 - public static final 'GL_NEAREST' 'I' @772  9728 (2600)
 - public static final 'GL_LINEAR' 'I' @776  9729 (2601)
 - public static final 'GL_NEAREST_MIPMAP_NEAREST' 'I' @780  9984 (2700)
 - public static final 'GL_LINEAR_MIPMAP_NEAREST' 'I' @784  9985 (2701)
 - public static final 'GL_NEAREST_MIPMAP_LINEAR' 'I' @788  9986 (2702)
 - public static final 'GL_LINEAR_MIPMAP_LINEAR' 'I' @792  9987 (2703)
 - public static final 'GL_TEXTURE_MAG_FILTER' 'I' @796  10240 (2800)
 - public static final 'GL_TEXTURE_MIN_FILTER' 'I' @800  10241 (2801)
 - public static final 'GL_TEXTURE_WRAP_S' 'I' @804  10242 (2802)
 - public static final 'GL_TEXTURE_WRAP_T' 'I' @808  10243 (2803)
 - public static final 'GL_REPEAT' 'I' @812  10497 (2901)
 - public static final 'GL_POLYGON_OFFSET_FACTOR' 'I' @816  32824 (8038)
 - public static final 'GL_POLYGON_OFFSET_UNITS' 'I' @820  10752 (2a00)
 - public static final 'GL_POLYGON_OFFSET_POINT' 'I' @824  10753 (2a01)
 - public static final 'GL_POLYGON_OFFSET_LINE' 'I' @828  10754 (2a02)
 - public static final 'GL_POLYGON_OFFSET_FILL' 'I' @832  32823 (8037)
 - public static final 'GL_R3_G3_B2' 'I' @836  10768 (2a10)
 - public static final 'GL_RGB4' 'I' @840  32847 (804f)
 - public static final 'GL_RGB5' 'I' @844  32848 (8050)
 - public static final 'GL_RGB8' 'I' @848  32849 (8051)
 - public static final 'GL_RGB10' 'I' @852  32850 (8052)
 - public static final 'GL_RGB12' 'I' @856  32851 (8053)
 - public static final 'GL_RGB16' 'I' @860  32852 (8054)
 - public static final 'GL_RGBA2' 'I' @864  32853 (8055)
 - public static final 'GL_RGBA4' 'I' @868  32854 (8056)
 - public static final 'GL_RGB5_A1' 'I' @872  32855 (8057)
 - public static final 'GL_RGBA8' 'I' @876  32856 (8058)
 - public static final 'GL_RGB10_A2' 'I' @880  32857 (8059)
 - public static final 'GL_RGBA12' 'I' @884  32858 (805a)
 - public static final 'GL_RGBA16' 'I' @888  32859 (805b)
 - public static final 'GL_TEXTURE_RED_SIZE' 'I' @892  32860 (805c)
 - public static final 'GL_TEXTURE_GREEN_SIZE' 'I' @896  32861 (805d)
 - public static final 'GL_TEXTURE_BLUE_SIZE' 'I' @900  32862 (805e)
 - public static final 'GL_TEXTURE_ALPHA_SIZE' 'I' @904  32863 (805f)
 - public static final 'GL_PROXY_TEXTURE_1D' 'I' @908  32867 (8063)
 - public static final 'GL_PROXY_TEXTURE_2D' 'I' @912  32868 (8064)
 - public static final 'GL_TEXTURE_BINDING_1D' 'I' @916  32872 (8068)
 - public static final 'GL_TEXTURE_BINDING_2D' 'I' @920  32873 (8069)
 - public static final 'GL_VERTEX_ARRAY' 'I' @924  32884 (8074)
R12=0x0 is NULL
R13=0x000001749b121200 is pointing into metadata
R14=0x0000003075bff340 is pointing into the stack for thread: 0x00000174fe7e7900
R15=0x00000174fe7e7900 is a thread


Registers:
RAX=0x000001749b587830, RBX=0x000001749b121208, RCX=0x0000000000000000, RDX=0x0000000000000000
RSP=0x0000003075bff278, RBP=0x0000003075bff308, RSI=0x0000000000000000, RDI=0x0000017487a395cd
R8 =0x00000000000000c8, R9 =0x00000000000000c8, R10=0x0000000000000000, R11=0x00000000c4c30190
R12=0x0000000000000000, R13=0x000001749b121200, R14=0x0000003075bff340, R15=0x00000174fe7e7900
RIP=0x00007ff9d6c6cefc, EFLAGS=0x0000000000010206

Top of Stack: (sp=0x0000003075bff278)
0x0000003075bff278:   0000017487a3d5a1 0000017487a395cd
0x0000003075bff288:   0000017487a3d2bc 000001749b121208
0x0000003075bff298:   0000000000000000 00000174000000c8
0x0000003075bff2a8:   00007ff9000000c8 3ff0000000000000
0x0000003075bff2b8:   0000017487a3d276 0000003075bff2c0
0x0000003075bff2c8:   000001749b121200 0000003075bff340
0x0000003075bff2d8:   000001749b124450 0000000000000000
0x0000003075bff2e8:   00000000c4c30190 000001749b121208
0x0000003075bff2f8:   0000000000000000 0000003075bff328
0x0000003075bff308:   0000003075bff390 0000017487a394fe
0x0000003075bff318:   00000000c4c30190 0000017487a3af78
0x0000003075bff328:   00000000000000c8 00000000000000c8
0x0000003075bff338:   0000000000000000 0000000000000000
0x0000003075bff348:   0000003075bff348 000001749b0fb02c
0x0000003075bff358:   0000003075bff3b8 000001749b108000
0x0000003075bff368:   0000000000000000 00000000c4db5e80 

Instructions: (pc=0x00007ff9d6c6cefc)
0x00007ff9d6c6cdfc:   cc cc cc cc 48 8b 01 45 8b d8 4c 8b 44 24 28 41
0x00007ff9d6c6ce0c:   8b d1 41 8b cb 4c 8b 50 18 49 ff a2 88 09 00 00
0x00007ff9d6c6ce1c:   cc cc cc cc 40 53 48 83 ec 40 48 8b 01 41 8b d8
0x00007ff9d6c6ce2c:   44 8b 44 24 70 41 8b d1 44 8b 4c 24 78 8b cb 4c
0x00007ff9d6c6ce3c:   8b 50 18 48 8b 84 24 90 00 00 00 48 89 44 24 30
0x00007ff9d6c6ce4c:   8b 84 24 88 00 00 00 89 44 24 28 8b 84 24 80 00
0x00007ff9d6c6ce5c:   00 00 89 44 24 20 41 ff 92 90 09 00 00 48 83 c4
0x00007ff9d6c6ce6c:   40 5b c3 cc 40 53 48 83 ec 50 48 8b 01 41 8b d8
0x00007ff9d6c6ce7c:   44 8b 84 24 80 00 00 00 41 8b d1 44 8b 8c 24 88
0x00007ff9d6c6ce8c:   00 00 00 8b cb 4c 8b 50 18 48 8b 84 24 b0 00 00
0x00007ff9d6c6ce9c:   00 48 89 44 24 40 8b 84 24 a8 00 00 00 89 44 24
0x00007ff9d6c6ceac:   38 8b 84 24 a0 00 00 00 89 44 24 30 8b 84 24 98
0x00007ff9d6c6cebc:   00 00 00 89 44 24 28 8b 84 24 90 00 00 00 89 44
0x00007ff9d6c6cecc:   24 20 41 ff 92 98 09 00 00 48 83 c4 50 5b c3 cc
0x00007ff9d6c6cedc:   cc cc cc cc 40 53 48 8b 01 41 8b d8 44 8b 44 24
0x00007ff9d6c6ceec:   30 41 8b d1 44 8b 4c 24 38 8b cb 4c 8b 50 18 5b
0x00007ff9d6c6cefc:   49 ff a2 78 0a 00 00 cc cc cc cc cc cc cc cc cc
0x00007ff9d6c6cf0c:   cc cc cc cc 40 53 48 83 ec 50 48 8b 01 41 8b d8
0x00007ff9d6c6cf1c:   44 8b 84 24 80 00 00 00 41 8b d1 44 8b 8c 24 88
0x00007ff9d6c6cf2c:   00 00 00 8b cb 4c 8b 50 18 48 8b 84 24 b8 00 00
0x00007ff9d6c6cf3c:   00 48 89 44 24 48 8b 84 24 b0 00 00 00 89 44 24
0x00007ff9d6c6cf4c:   40 8b 84 24 a8 00 00 00 89 44 24 38 8b 84 24 a0
0x00007ff9d6c6cf5c:   00 00 00 89 44 24 30 8b 84 24 98 00 00 00 89 44
0x00007ff9d6c6cf6c:   24 28 8b 84 24 90 00 00 00 89 44 24 20 41 ff 92
0x00007ff9d6c6cf7c:   80 0a 00 00 48 83 c4 50 5b c3 cc cc cc cc cc cc
0x00007ff9d6c6cf8c:   cc cc cc cc 40 53 48 83 ec 60 48 8b 01 41 8b d8
0x00007ff9d6c6cf9c:   44 8b 84 24 90 00 00 00 41 8b d1 44 8b 8c 24 98
0x00007ff9d6c6cfac:   00 00 00 8b cb 4c 8b 50 18 48 8b 84 24 d0 00 00
0x00007ff9d6c6cfbc:   00 48 89 44 24 50 8b 84 24 c8 00 00 00 89 44 24
0x00007ff9d6c6cfcc:   48 8b 84 24 c0 00 00 00 89 44 24 40 8b 84 24 b8
0x00007ff9d6c6cfdc:   00 00 00 89 44 24 38 8b 84 24 b0 00 00 00 89 44
0x00007ff9d6c6cfec:   24 30 8b 84 24 a8 00 00 00 89 44 24 28 8b 84 24 


Stack slot to memory mapping:
stack at sp + 0 slots: 0x0000017487a3d5a1 is at code_begin+993 in an Interpreter codelet
method entry point (kind = native)  [0x0000017487a3d1c0, 0x0000017487a3db40]  2432 bytes
stack at sp + 1 slots: 0x0000017487a395cd is at code_begin+1325 in an Interpreter codelet
return entry points  [0x0000017487a390a0, 0x0000017487a39ba0]  2816 bytes
stack at sp + 2 slots: 0x0000017487a3d2bc is at code_begin+252 in an Interpreter codelet
method entry point (kind = native)  [0x0000017487a3d1c0, 0x0000017487a3db40]  2432 bytes
stack at sp + 3 slots: {method} {0x000001749b121210} 'glViewport' '(IIII)V' in 'org/lwjgl/opengl/GL11C'
stack at sp + 4 slots: 0x0 is NULL
stack at sp + 5 slots: 0x00000174000000c8 is an unknown value
stack at sp + 6 slots: 0x00007ff9000000c8 is an unknown value
stack at sp + 7 slots: 0x3ff0000000000000 is an unknown value


---------------  P R O C E S S  ---------------

Threads class SMR info:
_java_thread_list=0x000001749b48e3f0, length=13, elements={
0x00000174fe7e7900, 0x00000174ffba21f0, 0x00000174ffba3060, 0x00000174fe8be800,
0x00000174ffbac350, 0x00000174ffbaee10, 0x00000174ffbaf7c0, 0x00000174ffbb49b0,
0x00000174ffbbd3b0, 0x00000174ffbd1580, 0x00000174ffb9cc40, 0x000001749b5d6a80,
0x000001749b586650
}

Java Threads: ( => current thread )
=>0x00000174fe7e7900 JavaThread "main" [_thread_in_native, id=6524, stack(0x0000003075b00000,0x0000003075c00000)]
  0x00000174ffba21f0 JavaThread "Reference Handler" daemon [_thread_blocked, id=22624, stack(0x0000003076200000,0x0000003076300000)]
  0x00000174ffba3060 JavaThread "Finalizer" daemon [_thread_blocked, id=5828, stack(0x0000003076300000,0x0000003076400000)]
  0x00000174fe8be800 JavaThread "Signal Dispatcher" daemon [_thread_blocked, id=1272, stack(0x0000003076400000,0x0000003076500000)]
  0x00000174ffbac350 JavaThread "Attach Listener" daemon [_thread_blocked, id=4524, stack(0x0000003076500000,0x0000003076600000)]
  0x00000174ffbaee10 JavaThread "Service Thread" daemon [_thread_blocked, id=3828, stack(0x0000003076600000,0x0000003076700000)]
  0x00000174ffbaf7c0 JavaThread "Monitor Deflation Thread" daemon [_thread_blocked, id=23304, stack(0x0000003076700000,0x0000003076800000)]
  0x00000174ffbb49b0 JavaThread "C2 CompilerThread0" daemon [_thread_blocked, id=17268, stack(0x0000003076800000,0x0000003076900000)]
  0x00000174ffbbd3b0 JavaThread "C1 CompilerThread0" daemon [_thread_blocked, id=19300, stack(0x0000003076900000,0x0000003076a00000)]
  0x00000174ffbd1580 JavaThread "Sweeper thread" daemon [_thread_blocked, id=20956, stack(0x0000003076a00000,0x0000003076b00000)]
  0x00000174ffb9cc40 JavaThread "Common-Cleaner" daemon [_thread_blocked, id=20940, stack(0x0000003076b00000,0x0000003076c00000)]
  0x000001749b5d6a80 JavaThread "Monitor Ctrl-Break" daemon [_thread_in_native, id=15836, stack(0x0000003076c00000,0x0000003076d00000)]
  0x000001749b586650 JavaThread "Notification Thread" daemon [_thread_blocked, id=21820, stack(0x0000003076d00000,0x0000003076e00000)]

Other Threads:
  0x00000174fe8b65b0 VMThread "VM Thread" [stack: 0x0000003076100000,0x0000003076200000] [id=13648]
  0x00000174fe83fc10 WatcherThread [stack: 0x0000003076e00000,0x0000003076f00000] [id=2492]
  0x00000174fe823590 GCTaskThread "GC Thread#0" [stack: 0x0000003075c00000,0x0000003075d00000] [id=10108]
  0x00000174fe82e260 ConcurrentGCThread "G1 Main Marker" [stack: 0x0000003075d00000,0x0000003075e00000] [id=20560]
  0x00000174fe82f4b0 ConcurrentGCThread "G1 Conc#0" [stack: 0x0000003075e00000,0x0000003075f00000] [id=8904]
  0x00000174fe8936d0 ConcurrentGCThread "G1 Refine#0" [stack: 0x0000003075f00000,0x0000003076000000] [id=21052]
  0x00000174fe8940f0 ConcurrentGCThread "G1 Service" [stack: 0x0000003076000000,0x0000003076100000] [id=15000]

Threads with active compile tasks:

VM state: not at safepoint (normal execution)

VM Mutex/Monitor currently owned by a thread: None

Heap address: 0x00000000c1400000, size: 1004 MB, Compressed Oops mode: 32-bit

CDS archive(s) mapped at: [0x0000000800000000-0x0000000800bc0000-0x0000000800bc0000), size 12320768, SharedBaseAddress: 0x0000000800000000, ArchiveRelocationMode: 0.
Compressed class space mapped at: 0x0000000800c00000-0x0000000840c00000, reserved size: 1073741824
Narrow klass base: 0x0000000800000000, Narrow klass shift: 0, Narrow klass range: 0x100000000

GC Precious Log:
 CPUs: 8 total, 8 available
 Memory: 4009M
 Large Page Support: Disabled
 NUMA Support: Disabled
 Compressed Oops: Enabled (32-bit)
 Heap Region Size: 1M
 Heap Min Capacity: 8M
 Heap Initial Capacity: 64M
 Heap Max Capacity: 1004M
 Pre-touch: Disabled
 Parallel Workers: 8
 Concurrent Workers: 2
 Concurrent Refinement Workers: 8
 Periodic GC: Disabled

Heap:
 garbage-first heap   total 65536K, used 7168K [0x00000000c1400000, 0x0000000100000000)
  region size 1024K, 8 young (8192K), 0 survivors (0K)
 Metaspace       used 2822K, committed 3008K, reserved 1056768K
  class space    used 187K, committed 256K, reserved 1048576K

Heap Regions: E=young(eden), S=young(survivor), O=old, HS=humongous(starts), HC=humongous(continues), CS=collection set, F=free, OA=open archive, CA=closed archive, TAMS=top-at-mark-start (previous, next)
|   0|0x00000000c1400000, 0x00000000c1400000, 0x00000000c1500000|  0%| F|  |TAMS 0x00000000c1400000, 0x00000000c1400000| Untracked 
|   1|0x00000000c1500000, 0x00000000c1500000, 0x00000000c1600000|  0%| F|  |TAMS 0x00000000c1500000, 0x00000000c1500000| Untracked 
|   2|0x00000000c1600000, 0x00000000c1600000, 0x00000000c1700000|  0%| F|  |TAMS 0x00000000c1600000, 0x00000000c1600000| Untracked 
|   3|0x00000000c1700000, 0x00000000c1700000, 0x00000000c1800000|  0%| F|  |TAMS 0x00000000c1700000, 0x00000000c1700000| Untracked 
|   4|0x00000000c1800000, 0x00000000c1800000, 0x00000000c1900000|  0%| F|  |TAMS 0x00000000c1800000, 0x00000000c1800000| Untracked 
|   5|0x00000000c1900000, 0x00000000c1900000, 0x00000000c1a00000|  0%| F|  |TAMS 0x00000000c1900000, 0x00000000c1900000| Untracked 
|   6|0x00000000c1a00000, 0x00000000c1a00000, 0x00000000c1b00000|  0%| F|  |TAMS 0x00000000c1a00000, 0x00000000c1a00000| Untracked 
|   7|0x00000000c1b00000, 0x00000000c1b00000, 0x00000000c1c00000|  0%| F|  |TAMS 0x00000000c1b00000, 0x00000000c1b00000| Untracked 
|   8|0x00000000c1c00000, 0x00000000c1c00000, 0x00000000c1d00000|  0%| F|  |TAMS 0x00000000c1c00000, 0x00000000c1c00000| Untracked 
|   9|0x00000000c1d00000, 0x00000000c1d00000, 0x00000000c1e00000|  0%| F|  |TAMS 0x00000000c1d00000, 0x00000000c1d00000| Untracked 
|  10|0x00000000c1e00000, 0x00000000c1e00000, 0x00000000c1f00000|  0%| F|  |TAMS 0x00000000c1e00000, 0x00000000c1e00000| Untracked 
|  11|0x00000000c1f00000, 0x00000000c1f00000, 0x00000000c2000000|  0%| F|  |TAMS 0x00000000c1f00000, 0x00000000c1f00000| Untracked 
|  12|0x00000000c2000000, 0x00000000c2000000, 0x00000000c2100000|  0%| F|  |TAMS 0x00000000c2000000, 0x00000000c2000000| Untracked 
|  13|0x00000000c2100000, 0x00000000c2100000, 0x00000000c2200000|  0%| F|  |TAMS 0x00000000c2100000, 0x00000000c2100000| Untracked 
|  14|0x00000000c2200000, 0x00000000c2200000, 0x00000000c2300000|  0%| F|  |TAMS 0x00000000c2200000, 0x00000000c2200000| Untracked 
|  15|0x00000000c2300000, 0x00000000c2300000, 0x00000000c2400000|  0%| F|  |TAMS 0x00000000c2300000, 0x00000000c2300000| Untracked 
|  16|0x00000000c2400000, 0x00000000c2400000, 0x00000000c2500000|  0%| F|  |TAMS 0x00000000c2400000, 0x00000000c2400000| Untracked 
|  17|0x00000000c2500000, 0x00000000c2500000, 0x00000000c2600000|  0%| F|  |TAMS 0x00000000c2500000, 0x00000000c2500000| Untracked 
|  18|0x00000000c2600000, 0x00000000c2600000, 0x00000000c2700000|  0%| F|  |TAMS 0x00000000c2600000, 0x00000000c2600000| Untracked 
|  19|0x00000000c2700000, 0x00000000c2700000, 0x00000000c2800000|  0%| F|  |TAMS 0x00000000c2700000, 0x00000000c2700000| Untracked 
|  20|0x00000000c2800000, 0x00000000c2800000, 0x00000000c2900000|  0%| F|  |TAMS 0x00000000c2800000, 0x00000000c2800000| Untracked 
|  21|0x00000000c2900000, 0x00000000c2900000, 0x00000000c2a00000|  0%| F|  |TAMS 0x00000000c2900000, 0x00000000c2900000| Untracked 
|  22|0x00000000c2a00000, 0x00000000c2a00000, 0x00000000c2b00000|  0%| F|  |TAMS 0x00000000c2a00000, 0x00000000c2a00000| Untracked 
|  23|0x00000000c2b00000, 0x00000000c2b00000, 0x00000000c2c00000|  0%| F|  |TAMS 0x00000000c2b00000, 0x00000000c2b00000| Untracked 
|  24|0x00000000c2c00000, 0x00000000c2c00000, 0x00000000c2d00000|  0%| F|  |TAMS 0x00000000c2c00000, 0x00000000c2c00000| Untracked 
|  25|0x00000000c2d00000, 0x00000000c2d00000, 0x00000000c2e00000|  0%| F|  |TAMS 0x00000000c2d00000, 0x00000000c2d00000| Untracked 
|  26|0x00000000c2e00000, 0x00000000c2e00000, 0x00000000c2f00000|  0%| F|  |TAMS 0x00000000c2e00000, 0x00000000c2e00000| Untracked 
|  27|0x00000000c2f00000, 0x00000000c2f00000, 0x00000000c3000000|  0%| F|  |TAMS 0x00000000c2f00000, 0x00000000c2f00000| Untracked 
|  28|0x00000000c3000000, 0x00000000c3000000, 0x00000000c3100000|  0%| F|  |TAMS 0x00000000c3000000, 0x00000000c3000000| Untracked 
|  29|0x00000000c3100000, 0x00000000c3100000, 0x00000000c3200000|  0%| F|  |TAMS 0x00000000c3100000, 0x00000000c3100000| Untracked 
|  30|0x00000000c3200000, 0x00000000c3200000, 0x00000000c3300000|  0%| F|  |TAMS 0x00000000c3200000, 0x00000000c3200000| Untracked 
|  31|0x00000000c3300000, 0x00000000c3300000, 0x00000000c3400000|  0%| F|  |TAMS 0x00000000c3300000, 0x00000000c3300000| Untracked 
|  32|0x00000000c3400000, 0x00000000c3400000, 0x00000000c3500000|  0%| F|  |TAMS 0x00000000c3400000, 0x00000000c3400000| Untracked 
|  33|0x00000000c3500000, 0x00000000c3500000, 0x00000000c3600000|  0%| F|  |TAMS 0x00000000c3500000, 0x00000000c3500000| Untracked 
|  34|0x00000000c3600000, 0x00000000c3600000, 0x00000000c3700000|  0%| F|  |TAMS 0x00000000c3600000, 0x00000000c3600000| Untracked 
|  35|0x00000000c3700000, 0x00000000c3700000, 0x00000000c3800000|  0%| F|  |TAMS 0x00000000c3700000, 0x00000000c3700000| Untracked 
|  36|0x00000000c3800000, 0x00000000c3800000, 0x00000000c3900000|  0%| F|  |TAMS 0x00000000c3800000, 0x00000000c3800000| Untracked 
|  37|0x00000000c3900000, 0x00000000c3900000, 0x00000000c3a00000|  0%| F|  |TAMS 0x00000000c3900000, 0x00000000c3900000| Untracked 
|  38|0x00000000c3a00000, 0x00000000c3a00000, 0x00000000c3b00000|  0%| F|  |TAMS 0x00000000c3a00000, 0x00000000c3a00000| Untracked 
|  39|0x00000000c3b00000, 0x00000000c3b00000, 0x00000000c3c00000|  0%| F|  |TAMS 0x00000000c3b00000, 0x00000000c3b00000| Untracked 
|  40|0x00000000c3c00000, 0x00000000c3c00000, 0x00000000c3d00000|  0%| F|  |TAMS 0x00000000c3c00000, 0x00000000c3c00000| Untracked 
|  41|0x00000000c3d00000, 0x00000000c3d00000, 0x00000000c3e00000|  0%| F|  |TAMS 0x00000000c3d00000, 0x00000000c3d00000| Untracked 
|  42|0x00000000c3e00000, 0x00000000c3e00000, 0x00000000c3f00000|  0%| F|  |TAMS 0x00000000c3e00000, 0x00000000c3e00000| Untracked 
|  43|0x00000000c3f00000, 0x00000000c3f00000, 0x00000000c4000000|  0%| F|  |TAMS 0x00000000c3f00000, 0x00000000c3f00000| Untracked 
|  44|0x00000000c4000000, 0x00000000c4000000, 0x00000000c4100000|  0%| F|  |TAMS 0x00000000c4000000, 0x00000000c4000000| Untracked 
|  45|0x00000000c4100000, 0x00000000c4100000, 0x00000000c4200000|  0%| F|  |TAMS 0x00000000c4100000, 0x00000000c4100000| Untracked 
|  46|0x00000000c4200000, 0x00000000c4200000, 0x00000000c4300000|  0%| F|  |TAMS 0x00000000c4200000, 0x00000000c4200000| Untracked 
|  47|0x00000000c4300000, 0x00000000c4300000, 0x00000000c4400000|  0%| F|  |TAMS 0x00000000c4300000, 0x00000000c4300000| Untracked 
|  48|0x00000000c4400000, 0x00000000c4400000, 0x00000000c4500000|  0%| F|  |TAMS 0x00000000c4400000, 0x00000000c4400000| Untracked 
|  49|0x00000000c4500000, 0x00000000c4500000, 0x00000000c4600000|  0%| F|  |TAMS 0x00000000c4500000, 0x00000000c4500000| Untracked 
|  50|0x00000000c4600000, 0x00000000c4600000, 0x00000000c4700000|  0%| F|  |TAMS 0x00000000c4600000, 0x00000000c4600000| Untracked 
|  51|0x00000000c4700000, 0x00000000c4700000, 0x00000000c4800000|  0%| F|  |TAMS 0x00000000c4700000, 0x00000000c4700000| Untracked 
|  52|0x00000000c4800000, 0x00000000c4800000, 0x00000000c4900000|  0%| F|  |TAMS 0x00000000c4800000, 0x00000000c4800000| Untracked 
|  53|0x00000000c4900000, 0x00000000c4900000, 0x00000000c4a00000|  0%| F|  |TAMS 0x00000000c4900000, 0x00000000c4900000| Untracked 
|  54|0x00000000c4a00000, 0x00000000c4a00000, 0x00000000c4b00000|  0%| F|  |TAMS 0x00000000c4a00000, 0x00000000c4a00000| Untracked 
|  55|0x00000000c4b00000, 0x00000000c4b00000, 0x00000000c4c00000|  0%| F|  |TAMS 0x00000000c4b00000, 0x00000000c4b00000| Untracked 
|  56|0x00000000c4c00000, 0x00000000c4c77258, 0x00000000c4d00000| 46%| E|  |TAMS 0x00000000c4c00000, 0x00000000c4c00000| Complete 
|  57|0x00000000c4d00000, 0x00000000c4e00000, 0x00000000c4e00000|100%| E|CS|TAMS 0x00000000c4d00000, 0x00000000c4d00000| Complete 
|  58|0x00000000c4e00000, 0x00000000c4f00000, 0x00000000c4f00000|100%| E|CS|TAMS 0x00000000c4e00000, 0x00000000c4e00000| Complete 
|  59|0x00000000c4f00000, 0x00000000c5000000, 0x00000000c5000000|100%| E|CS|TAMS 0x00000000c4f00000, 0x00000000c4f00000| Complete 
|  60|0x00000000c5000000, 0x00000000c5100000, 0x00000000c5100000|100%| E|CS|TAMS 0x00000000c5000000, 0x00000000c5000000| Complete 
|  61|0x00000000c5100000, 0x00000000c5200000, 0x00000000c5200000|100%| E|CS|TAMS 0x00000000c5100000, 0x00000000c5100000| Complete 
|  62|0x00000000c5200000, 0x00000000c5300000, 0x00000000c5300000|100%| E|CS|TAMS 0x00000000c5200000, 0x00000000c5200000| Complete 
|  63|0x00000000c5300000, 0x00000000c5400000, 0x00000000c5400000|100%| E|CS|TAMS 0x00000000c5300000, 0x00000000c5300000| Complete 

Card table byte_map: [0x00000174fedf0000,0x00000174feff0000] _byte_map_base: 0x00000174fe7e6000

Marking Bits (Prev, Next): (CMBitMap*) 0x00000174fe823ba0, (CMBitMap*) 0x00000174fe823be0
 Prev Bits: [0x0000017496a30000, 0x00000174979e0000)
 Next Bits: [0x00000174979e0000, 0x0000017498990000)

Polling page: 0x00000174fc7a0000

Metaspace:

Usage:
  Non-class:      2.57 MB used.
      Class:    187.95 KB used.
       Both:      2.76 MB used.

Virtual space:
  Non-class space:        8.00 MB reserved,       2.69 MB ( 34%) committed,  1 nodes.
      Class space:        1.00 GB reserved,     256.00 KB ( <1%) committed,  1 nodes.
             Both:        1.01 GB reserved,       2.94 MB ( <1%) committed. 

Chunk freelists:
   Non-Class:  2.84 MB
       Class:  3.67 MB
        Both:  6.51 MB

MaxMetaspaceSize: unlimited
CompressedClassSpaceSize: 1.00 GB
Initial GC threshold: 21.00 MB
Current GC threshold: 21.00 MB
CDS: on
MetaspaceReclaimPolicy: balanced
 - commit_granule_bytes: 65536.
 - commit_granule_words: 8192.
 - virtual_space_node_default_size: 1048576.
 - enlarge_chunks_in_place: 1.
 - new_chunks_are_fully_committed: 0.
 - uncommit_free_chunks: 1.
 - use_allocation_guard: 0.
 - handle_deallocations: 1.


Internal statistics:

num_allocs_failed_limit: 0.
num_arena_births: 64.
num_arena_deaths: 0.
num_vsnodes_births: 2.
num_vsnodes_deaths: 0.
num_space_committed: 47.
num_space_uncommitted: 0.
num_chunks_returned_to_freelist: 0.
num_chunks_taken_from_freelist: 123.
num_chunk_merges: 0.
num_chunk_splits: 80.
num_chunks_enlarged: 54.
num_purges: 0.
num_inconsistent_stats: 0.

CodeHeap 'non-profiled nmethods': size=120000Kb used=177Kb max_used=177Kb free=119822Kb
 bounds [0x000001748f500000, 0x000001748f770000, 0x0000017496a30000]
CodeHeap 'profiled nmethods': size=120000Kb used=801Kb max_used=801Kb free=119198Kb
 bounds [0x0000017487fd0000, 0x0000017488240000, 0x000001748f500000]
CodeHeap 'non-nmethods': size=5760Kb used=1588Kb max_used=1601Kb free=4172Kb
 bounds [0x0000017487a30000, 0x0000017487ca0000, 0x0000017487fd0000]
 total_blobs=1582 nmethods=567 adapters=928
 compilation: enabled
              stopped_count=0, restarted_count=0
 full_count=0

Compilation events (20 events):
Event: 4.027 Thread 0x00000174ffbbd3b0  554       3       java.lang.Integer::getChars (131 bytes)
Event: 4.028 Thread 0x00000174ffbbd3b0 nmethod 554 0x0000017488095b90 code [0x0000017488095d60, 0x0000017488096198]
Event: 4.028 Thread 0x00000174ffbbd3b0  551       3       java.util.AbstractList::<init> (10 bytes)
Event: 4.028 Thread 0x00000174ffbbd3b0 nmethod 551 0x0000017488096410 code [0x00000174880965c0, 0x0000017488096798]
Event: 4.028 Thread 0x00000174ffbbd3b0  552       1       java.net.URLStreamHandler::getDefaultPort (2 bytes)
Event: 4.028 Thread 0x00000174ffbbd3b0 nmethod 552 0x000001748f52b610 code [0x000001748f52b7a0, 0x000001748f52b878]
Event: 4.032 Thread 0x00000174ffbbd3b0  559       3       java.lang.StringLatin1::regionMatchesCI (98 bytes)
Event: 4.033 Thread 0x00000174ffbbd3b0 nmethod 559 0x0000017488096890 code [0x0000017488096ac0, 0x0000017488097218]
Event: 4.034 Thread 0x00000174ffbbd3b0  561       3       sun.misc.Unsafe::putLong (11 bytes)
Event: 4.034 Thread 0x00000174ffbbd3b0 nmethod 561 0x0000017488097590 code [0x0000017488097720, 0x0000017488097838]
Event: 4.034 Thread 0x00000174ffbbd3b0  562       3       org.lwjgl.system.MemoryUtil::memPutAddress (29 bytes)
Event: 4.034 Thread 0x00000174ffbb49b0  563       4       java.lang.Integer::toUnsignedLong (7 bytes)
Event: 4.035 Thread 0x00000174ffbbd3b0 nmethod 562 0x0000017488097910 code [0x0000017488097ac0, 0x0000017488097cb8]
Event: 4.035 Thread 0x00000174ffbb49b0 nmethod 563 0x000001748f52bd10 code [0x000001748f52be80, 0x000001748f52bed8]
Event: 4.035 Thread 0x00000174ffbb49b0  564       4       sun.misc.Unsafe::putLong (11 bytes)
Event: 4.035 Thread 0x00000174ffbbd3b0  565       3       java.lang.StringBuilder::append (8 bytes)
Event: 4.035 Thread 0x00000174ffbbd3b0 nmethod 565 0x0000017488097d90 code [0x0000017488097f20, 0x0000017488098068]
Event: 4.035 Thread 0x00000174ffbbd3b0  566       3       java.lang.AbstractStringBuilder::append (55 bytes)
Event: 4.035 Thread 0x00000174ffbb49b0 nmethod 564 0x000001748f52c010 code [0x000001748f52c180, 0x000001748f52c218]
Event: 4.036 Thread 0x00000174ffbbd3b0 nmethod 566 0x0000017488098110 code [0x00000174880982e0, 0x0000017488098618]

GC Heap History (0 events):
No events

Dll operation events (11 events):
Event: 0.092 Loaded shared library C:\Users\David\.jdks\corretto-17.0.5\bin\java.dll
Event: 0.112 Loaded shared library C:\Users\David\.jdks\corretto-17.0.5\bin\jsvml.dll
Event: 0.269 Loaded shared library C:\Users\David\.jdks\corretto-17.0.5\bin\zip.dll
Event: 0.277 Loaded shared library C:\Users\David\.jdks\corretto-17.0.5\bin\instrument.dll
Event: 0.295 Loaded shared library C:\Users\David\.jdks\corretto-17.0.5\bin\net.dll
Event: 0.299 Loaded shared library C:\Users\David\.jdks\corretto-17.0.5\bin\nio.dll
Event: 0.311 Loaded shared library C:\Users\David\.jdks\corretto-17.0.5\bin\zip.dll
Event: 0.394 Loaded shared library C:\Program Files\JetBrains\IntelliJ IDEA Community Edition 2022.3.1\bin\breakgen64.dll
Event: 0.518 Loaded shared library C:\Users\David\.jdks\corretto-17.0.5\bin\jimage.dll
Event: 1.001 Loaded shared library C:\Users\David\AppData\Local\Temp\lwjgl_David\3.3.3+5\x64\lwjgl.dll
Event: 4.015 Loaded shared library C:\Users\David\AppData\Local\Temp\lwjgl_David\3.3.3+5\x64\lwjgl_opengl.dll

Deoptimization events (20 events):
Event: 0.314 Thread 0x00000174fe7e7900 Uncommon trap: trap_request=0xffffffde fr.pc=0x000001748f50cc18 relative=0x00000000000007b8
Event: 0.314 Thread 0x00000174fe7e7900 Uncommon trap: reason=class_check action=maybe_recompile pc=0x000001748f50cc18 method=java.util.HashMap.putVal(ILjava/lang/Object;Ljava/lang/Object;ZZ)Ljava/lang/Object; @ 152 c2
Event: 0.314 Thread 0x00000174fe7e7900 DEOPT PACKING pc=0x000001748f50cc18 sp=0x0000003075bfde60
Event: 0.314 Thread 0x00000174fe7e7900 DEOPT UNPACKING pc=0x0000017487a823a3 sp=0x0000003075bfdde0 mode 2
Event: 0.321 Thread 0x00000174fe7e7900 Uncommon trap: trap_request=0xffffffde fr.pc=0x000001748f50cc18 relative=0x00000000000007b8
Event: 0.321 Thread 0x00000174fe7e7900 Uncommon trap: reason=class_check action=maybe_recompile pc=0x000001748f50cc18 method=java.util.HashMap.putVal(ILjava/lang/Object;Ljava/lang/Object;ZZ)Ljava/lang/Object; @ 152 c2
Event: 0.322 Thread 0x00000174fe7e7900 DEOPT PACKING pc=0x000001748f50cc18 sp=0x0000003075bfde60
Event: 0.322 Thread 0x00000174fe7e7900 DEOPT UNPACKING pc=0x0000017487a823a3 sp=0x0000003075bfdde0 mode 2
Event: 0.369 Thread 0x00000174fe7e7900 Uncommon trap: trap_request=0xffffff45 fr.pc=0x000001748f50f724 relative=0x00000000000008a4
Event: 0.369 Thread 0x00000174fe7e7900 Uncommon trap: reason=unstable_if action=reinterpret pc=0x000001748f50f724 method=java.util.HashMap.putVal(ILjava/lang/Object;Ljava/lang/Object;ZZ)Ljava/lang/Object; @ 181 c2
Event: 0.369 Thread 0x00000174fe7e7900 DEOPT PACKING pc=0x000001748f50f724 sp=0x0000003075bfe7c0
Event: 0.370 Thread 0x00000174fe7e7900 DEOPT UNPACKING pc=0x0000017487a823a3 sp=0x0000003075bfe760 mode 2
Event: 0.395 Thread 0x00000174fe7e7900 Uncommon trap: trap_request=0xffffff45 fr.pc=0x000001748f5107f4 relative=0x0000000000000074
Event: 0.395 Thread 0x00000174fe7e7900 Uncommon trap: reason=unstable_if action=reinterpret pc=0x000001748f5107f4 method=java.lang.String.isLatin1()Z @ 10 c2
Event: 0.395 Thread 0x00000174fe7e7900 DEOPT PACKING pc=0x000001748f5107f4 sp=0x0000003075bfee70
Event: 0.395 Thread 0x00000174fe7e7900 DEOPT UNPACKING pc=0x0000017487a823a3 sp=0x0000003075bfedb0 mode 2
Event: 1.016 Thread 0x00000174fe7e7900 DEOPT PACKING pc=0x0000017487ffb567 sp=0x0000003075bfd390
Event: 1.016 Thread 0x00000174fe7e7900 DEOPT UNPACKING pc=0x0000017487a82b43 sp=0x0000003075bfc7b0 mode 0
Event: 1.563 Thread 0x00000174fe7e7900 DEOPT PACKING pc=0x0000017487fd7e51 sp=0x0000003075bfbcb0
Event: 1.563 Thread 0x00000174fe7e7900 DEOPT UNPACKING pc=0x0000017487a82b43 sp=0x0000003075bfb128 mode 0

Classes unloaded (0 events):
No events

Classes redefined (0 events):
No events

Internal exceptions (20 events):
Event: 0.403 Thread 0x000001749b5d6a80 Exception <a 'java/lang/NoSuchMethodError'{0x00000000c51f5ca0}: 'java.lang.Object java.lang.invoke.DirectMethodHandle$Holder.invokeStaticInit(java.lang.Object)'> (0x00000000c51f5ca0) 
thrown [s\src\hotspot\share\interpreter\linkResolver.cpp, line 759]
Event: 0.423 Thread 0x000001749b5d6a80 Exception <a 'java/lang/NoSuchMethodError'{0x00000000c50058c0}: 'void java.lang.invoke.DirectMethodHandle$Holder.invokeStatic(java.lang.Object, java.lang.Object)'> (0x00000000c50058c0) 
thrown [s\src\hotspot\share\interpreter\linkResolver.cpp, line 759]
Event: 0.485 Thread 0x00000174fe7e7900 Exception <a 'java/lang/NoSuchMethodError'{0x00000000c4f05490}: 'void java.lang.invoke.DirectMethodHandle$Holder.invokeSpecial(java.lang.Object, java.lang.Object, java.lang.Object)'> (0x00000000c4f05490) 
thrown [s\src\hotspot\share\interpreter\linkResolver.cpp, line 759]
Event: 0.494 Thread 0x00000174fe7e7900 Exception <a 'java/lang/NoSuchMethodError'{0x00000000c4f18228}: 'java.lang.Object java.lang.invoke.DirectMethodHandle$Holder.invokeStatic(java.lang.Object, java.lang.Object, int)'> (0x00000000c4f18228) 
thrown [s\src\hotspot\share\interpreter\linkResolver.cpp, line 759]
Event: 0.497 Thread 0x00000174fe7e7900 Exception <a 'java/lang/NoSuchMethodError'{0x00000000c4f23f98}: 'void java.lang.invoke.DelegatingMethodHandle$Holder.delegate(java.lang.Object, java.lang.Object, int, java.lang.Object)'> (0x00000000c4f23f98) 
thrown [s\src\hotspot\share\interpreter\linkResolver.cpp, line 759]
Event: 0.499 Thread 0x00000174fe7e7900 Exception <a 'java/lang/NoSuchMethodError'{0x00000000c4f27fd0}: 'int java.lang.invoke.DirectMethodHandle$Holder.invokeSpecial(java.lang.Object, java.lang.Object, java.lang.Object)'> (0x00000000c4f27fd0) 
thrown [s\src\hotspot\share\interpreter\linkResolver.cpp, line 759]
Event: 0.995 Thread 0x00000174fe7e7900 Exception <a 'sun/nio/fs/WindowsException'{0x00000000c4f73e90}> (0x00000000c4f73e90) 
thrown [s\src\hotspot\share\prims\jni.cpp, line 516]
Event: 0.995 Thread 0x00000174fe7e7900 Exception <a 'sun/nio/fs/WindowsException'{0x00000000c4f743e0}> (0x00000000c4f743e0) 
thrown [s\src\hotspot\share\prims\jni.cpp, line 516]
Event: 1.035 Thread 0x00000174fe7e7900 Exception <a 'sun/nio/fs/WindowsException'{0x00000000c4fb87e8}> (0x00000000c4fb87e8) 
thrown [s\src\hotspot\share\prims\jni.cpp, line 516]
Event: 1.035 Thread 0x00000174fe7e7900 Exception <a 'sun/nio/fs/WindowsException'{0x00000000c4fb8b48}> (0x00000000c4fb8b48) 
thrown [s\src\hotspot\share\prims\jni.cpp, line 516]
Event: 1.550 Thread 0x00000174fe7e7900 Exception <a 'java/lang/NoSuchMethodError'{0x00000000c4e05790}: 'int java.lang.invoke.DirectMethodHandle$Holder.invokeStaticInit(java.lang.Object, java.lang.Object, int, long)'> (0x00000000c4e05790) 
thrown [s\src\hotspot\share\interpreter\linkResolver.cpp, line 759]
Event: 1.552 Thread 0x00000174fe7e7900 Exception <a 'java/lang/NoSuchMethodError'{0x00000000c4e0b058}: 'java.lang.Object java.lang.invoke.DirectMethodHandle$Holder.newInvokeSpecial(java.lang.Object, java.lang.Object, int)'> (0x00000000c4e0b058) 
thrown [s\src\hotspot\share\interpreter\linkResolver.cpp, line 759]
Event: 1.558 Thread 0x00000174fe7e7900 Exception <a 'java/lang/NoSuchMethodError'{0x00000000c4e1a1d8}: 'int java.lang.invoke.DirectMethodHandle$Holder.invokeStaticInit(java.lang.Object, java.lang.Object, long, long)'> (0x00000000c4e1a1d8) 
thrown [s\src\hotspot\share\interpreter\linkResolver.cpp, line 759]
Event: 1.560 Thread 0x00000174fe7e7900 Exception <a 'java/lang/NoSuchMethodError'{0x00000000c4e202e8}: 'java.lang.Object java.lang.invoke.DirectMethodHandle$Holder.newInvokeSpecial(java.lang.Object, java.lang.Object, long)'> (0x00000000c4e202e8) 
thrown [s\src\hotspot\share\interpreter\linkResolver.cpp, line 759]
Event: 1.561 Thread 0x00000174fe7e7900 Exception <a 'java/lang/NoSuchMethodError'{0x00000000c4e24330}: 'java.lang.Object java.lang.invoke.Invokers$Holder.linkToTargetMethod(java.lang.Object, long, java.lang.Object)'> (0x00000000c4e24330) 
thrown [s\src\hotspot\share\interpreter\linkResolver.cpp, line 759]
Event: 1.562 Thread 0x00000174fe7e7900 Exception <a 'java/lang/NoSuchMethodError'{0x00000000c4e2ba48}: 'int java.lang.invoke.DirectMethodHandle$Holder.invokeStaticInit(java.lang.Object, java.lang.Object, java.lang.Object, long)'> (0x00000000c4e2ba48) 
thrown [s\src\hotspot\share\interpreter\linkResolver.cpp, line 759]
Event: 4.010 Thread 0x00000174fe7e7900 Exception <a 'sun/nio/fs/WindowsException'{0x00000000c4de09e8}> (0x00000000c4de09e8) 
thrown [s\src\hotspot\share\prims\jni.cpp, line 516]
Event: 4.010 Thread 0x00000174fe7e7900 Exception <a 'sun/nio/fs/WindowsException'{0x00000000c4de0d88}> (0x00000000c4de0d88) 
thrown [s\src\hotspot\share\prims\jni.cpp, line 516]
Event: 4.022 Thread 0x00000174fe7e7900 Exception <a 'sun/nio/fs/WindowsException'{0x00000000c4ded230}> (0x00000000c4ded230) 
thrown [s\src\hotspot\share\prims\jni.cpp, line 516]
Event: 4.022 Thread 0x00000174fe7e7900 Exception <a 'sun/nio/fs/WindowsException'{0x00000000c4ded500}> (0x00000000c4ded500) 
thrown [s\src\hotspot\share\prims\jni.cpp, line 516]

VM Operations (8 events):
Event: 0.240 Executing VM operation: HandshakeAllThreads
Event: 0.240 Executing VM operation: HandshakeAllThreads done
Event: 0.400 Executing VM operation: HandshakeAllThreads
Event: 0.400 Executing VM operation: HandshakeAllThreads done
Event: 1.397 Executing VM operation: Cleanup
Event: 1.541 Executing VM operation: Cleanup done
Event: 2.549 Executing VM operation: Cleanup
Event: 2.549 Executing VM operation: Cleanup done

Events (20 events):
Event: 2.274 loading class sun/util/locale/provider/TimeZoneNameProviderImpl done
Event: 2.274 loading class sun/util/cldr/CLDRTimeZoneNameProviderImpl done
Event: 2.279 loading class sun/util/locale/provider/BaseLocaleDataMetaInfo
Event: 2.280 loading class sun/util/locale/provider/BaseLocaleDataMetaInfo done
Event: 2.284 loading class sun/util/resources/cldr/TimeZoneNames
Event: 2.284 loading class sun/util/resources/TimeZoneNamesBundle
Event: 2.284 loading class sun/util/resources/OpenListResourceBundle
Event: 2.285 loading class sun/util/resources/OpenListResourceBundle done
Event: 2.285 loading class sun/util/resources/TimeZoneNamesBundle done
Event: 2.285 loading class sun/util/resources/cldr/TimeZoneNames done
Event: 2.286 loading class sun/util/resources/cldr/TimeZoneNames_en
Event: 2.287 loading class sun/util/resources/cldr/TimeZoneNames_en done
Event: 2.287 loading class sun/util/resources/cldr/TimeZoneNames_en_US
Event: 2.287 loading class sun/util/resources/cldr/TimeZoneNames_en_US done
Event: 2.289 loading class java/util/LinkedHashMap$LinkedKeySet
Event: 2.290 loading class java/util/LinkedHashMap$LinkedKeySet done
Event: 4.005 loading class jdk/internal/misc/ScopedMemoryAccess$Scope
Event: 4.007 loading class jdk/internal/misc/ScopedMemoryAccess$Scope done
Event: 4.027 loading class java/util/Formatter$FixedString
Event: 4.027 loading class java/util/Formatter$FixedString done


Dynamic libraries:
0x00007ff654550000 - 0x00007ff65455d000 	C:\Users\David\.jdks\corretto-17.0.5\bin\java.exe
0x00007ff9f9210000 - 0x00007ff9f9407000 	C:\Windows\SYSTEM32\ntdll.dll
0x00007ff9f7410000 - 0x00007ff9f74cd000 	C:\Windows\System32\KERNEL32.DLL
0x00007ff9f6f40000 - 0x00007ff9f7236000 	C:\Windows\System32\KERNELBASE.dll
0x00007ff9f6c40000 - 0x00007ff9f6d40000 	C:\Windows\System32\ucrtbase.dll
0x00007ff9e42c0000 - 0x00007ff9e42d7000 	C:\Users\David\.jdks\corretto-17.0.5\bin\jli.dll
0x00007ff9e43d0000 - 0x00007ff9e43e5000 	C:\Users\David\.jdks\corretto-17.0.5\bin\VCRUNTIME140.dll
0x00007ff9f7270000 - 0x00007ff9f740e000 	C:\Windows\System32\USER32.dll
0x00007ff9f7240000 - 0x00007ff9f7262000 	C:\Windows\System32\win32u.dll
0x00007ff9f7cd0000 - 0x00007ff9f7cfc000 	C:\Windows\System32\GDI32.dll
0x00007ff9e5690000 - 0x00007ff9e592a000 	C:\Windows\WinSxS\amd64_microsoft.windows.common-controls_6595b64144ccf1df_6.0.19041.3570_none_60bb2a3971f3e41a\COMCTL32.dll
0x00007ff9f6d40000 - 0x00007ff9f6e5a000 	C:\Windows\System32\gdi32full.dll
0x00007ff9f9130000 - 0x00007ff9f91ce000 	C:\Windows\System32\msvcrt.dll
0x00007ff9f6940000 - 0x00007ff9f69dd000 	C:\Windows\System32\msvcp_win.dll
0x00007ff9f74d0000 - 0x00007ff9f7500000 	C:\Windows\System32\IMM32.DLL
0x00007ff9db270000 - 0x00007ff9db30b000 	C:\Users\David\.jdks\corretto-17.0.5\bin\msvcp140.dll
0x00007ff9b9d20000 - 0x00007ff9ba934000 	C:\Users\David\.jdks\corretto-17.0.5\bin\server\jvm.dll
0x00007ff9f7d00000 - 0x00007ff9f7dae000 	C:\Windows\System32\ADVAPI32.dll
0x00007ff9f8e80000 - 0x00007ff9f8f1c000 	C:\Windows\System32\sechost.dll
0x00007ff9f7e10000 - 0x00007ff9f7f36000 	C:\Windows\System32\RPCRT4.dll
0x00007ff9e6360000 - 0x00007ff9e6387000 	C:\Windows\SYSTEM32\WINMM.dll
0x00007ff9f1ee0000 - 0x00007ff9f1ee9000 	C:\Windows\SYSTEM32\WSOCK32.dll
0x00007ff9e83d0000 - 0x00007ff9e83da000 	C:\Windows\SYSTEM32\VERSION.dll
0x00007ff9f90c0000 - 0x00007ff9f912b000 	C:\Windows\System32\WS2_32.dll
0x00007ff9f4790000 - 0x00007ff9f47a2000 	C:\Windows\SYSTEM32\kernel.appcore.dll
0x00007ff9eaa70000 - 0x00007ff9eaa7a000 	C:\Users\David\.jdks\corretto-17.0.5\bin\jimage.dll
0x00007ff9f0fe0000 - 0x00007ff9f11c4000 	C:\Windows\SYSTEM32\DBGHELP.DLL
0x00007ff9efa20000 - 0x00007ff9efa54000 	C:\Windows\SYSTEM32\dbgcore.DLL
0x00007ff9f6b40000 - 0x00007ff9f6bc2000 	C:\Windows\System32\bcryptPrimitives.dll
0x00007ff9e4530000 - 0x00007ff9e453e000 	C:\Users\David\.jdks\corretto-17.0.5\bin\instrument.dll
0x00007ff9e3ec0000 - 0x00007ff9e3ee5000 	C:\Users\David\.jdks\corretto-17.0.5\bin\java.dll
0x00007ff9d6cc0000 - 0x00007ff9d6d96000 	C:\Users\David\.jdks\corretto-17.0.5\bin\jsvml.dll
0x00007ff9f7580000 - 0x00007ff9f7cc4000 	C:\Windows\System32\SHELL32.dll
0x00007ff9f4990000 - 0x00007ff9f512b000 	C:\Windows\SYSTEM32\windows.storage.dll
0x00007ff9f8170000 - 0x00007ff9f84c4000 	C:\Windows\System32\combase.dll
0x00007ff9f6260000 - 0x00007ff9f628d000 	C:\Windows\SYSTEM32\Wldp.dll
0x00007ff9f8f30000 - 0x00007ff9f8fdd000 	C:\Windows\System32\SHCORE.dll
0x00007ff9f84d0000 - 0x00007ff9f8525000 	C:\Windows\System32\shlwapi.dll
0x00007ff9f6820000 - 0x00007ff9f6845000 	C:\Windows\SYSTEM32\profapi.dll
0x00007ff9e3b40000 - 0x00007ff9e3b58000 	C:\Users\David\.jdks\corretto-17.0.5\bin\zip.dll
0x00007ff9e4050000 - 0x00007ff9e4069000 	C:\Users\David\.jdks\corretto-17.0.5\bin\net.dll
0x00007ff9ed9f0000 - 0x00007ff9edafa000 	C:\Windows\SYSTEM32\WINHTTP.dll
0x00007ff9f5fc0000 - 0x00007ff9f602a000 	C:\Windows\system32\mswsock.dll
0x00007ff9e3b60000 - 0x00007ff9e3b75000 	C:\Users\David\.jdks\corretto-17.0.5\bin\nio.dll
0x00007ff9e2900000 - 0x00007ff9e291a000 	C:\Program Files\JetBrains\IntelliJ IDEA Community Edition 2022.3.1\bin\breakgen64.dll
0x00007ff9daea0000 - 0x00007ff9daf1b000 	C:\Users\David\AppData\Local\Temp\lwjgl_David\3.3.3+5\x64\lwjgl.dll
0x00007ff9da920000 - 0x00007ff9da9a2000 	C:\Users\David\AppData\Local\Temp\lwjgl_David\3.3.3+5\x64\glfw.dll
0x00007ff9e2720000 - 0x00007ff9e2765000 	C:\Windows\SYSTEM32\dinput8.dll
0x00007ff9e28e0000 - 0x00007ff9e28f1000 	C:\Windows\SYSTEM32\xinput1_4.dll
0x00007ff9f68f0000 - 0x00007ff9f693e000 	C:\Windows\System32\cfgmgr32.dll
0x00007ff9f65b0000 - 0x00007ff9f65e3000 	C:\Windows\SYSTEM32\DEVOBJ.dll
0x00007ff9f44a0000 - 0x00007ff9f44cf000 	C:\Windows\SYSTEM32\dwmapi.dll
0x00007ff9e9ed0000 - 0x00007ff9ea022000 	C:\Windows\SYSTEM32\inputhost.dll
0x00007ff9f8c00000 - 0x00007ff9f8ccd000 	C:\Windows\System32\OLEAUT32.dll
0x00007ff9f3380000 - 0x00007ff9f34d5000 	C:\Windows\SYSTEM32\wintypes.dll
0x00007ff9f3db0000 - 0x00007ff9f3ea2000 	C:\Windows\SYSTEM32\CoreMessaging.dll
0x00007ff9f2420000 - 0x00007ff9f2516000 	C:\Windows\SYSTEM32\PROPSYS.dll
0x00007ff9f3a50000 - 0x00007ff9f3dab000 	C:\Windows\SYSTEM32\CoreUIComponents.dll
0x00007ff9f59f0000 - 0x00007ff9f5a23000 	C:\Windows\SYSTEM32\ntmarta.dll
0x00007ff9f42c0000 - 0x00007ff9f435e000 	C:\Windows\system32\uxtheme.dll
0x0000000180000000 - 0x00000001834b3000 	C:\Program Files (x86)\RivaTuner Statistics Server\RTSSHooks64.dll
0x00007ff9f8530000 - 0x00007ff9f899e000 	C:\Windows\System32\SETUPAPI.dll
0x00007ff9f6e60000 - 0x00007ff9f6e87000 	C:\Windows\System32\bcrypt.dll
0x00000000688c0000 - 0x00000000688fc000 	C:\Fraps\fraps64.dll
0x00007ff9f8ae0000 - 0x00007ff9f8bf4000 	C:\Windows\System32\MSCTF.dll
0x00007ff9dbea0000 - 0x00007ff9dbfc5000 	C:\Windows\SYSTEM32\opengl32.dll
0x00007ff9e4410000 - 0x00007ff9e443c000 	C:\Windows\SYSTEM32\GLU32.dll
0x00007ff9f8060000 - 0x00007ff9f8109000 	C:\Windows\System32\clbcatq.dll
0x00007ff9a0730000 - 0x00007ff9a40a4000 	C:\Windows\SYSTEM32\mesadrv.dll
0x00007ff9f89b0000 - 0x00007ff9f8adb000 	C:\Windows\System32\ole32.dll
0x00007ff9df630000 - 0x00007ff9df689000 	C:\Windows\SYSTEM32\libglapi.dll
0x00007ff9f61b0000 - 0x00007ff9f61bc000 	C:\Windows\SYSTEM32\CRYPTBASE.DLL
0x00007ff9f5190000 - 0x00007ff9f5283000 	C:\Windows\SYSTEM32\dxgi.dll
0x00007ff9c9110000 - 0x00007ff9c927e000 	C:\Windows\SYSTEM32\vulkan-1.dll
0x00007ff9de1f0000 - 0x00007ff9de23c000 	C:\ProgramData\obs-studio-hook\graphics-hook64.dll
0x00007ff9ea030000 - 0x00007ff9ea12a000 	C:\Windows\SYSTEM32\textinputframework.dll
0x00007ff9d8b40000 - 0x00007ff9d8ba6000 	C:\Windows\system32\Oleacc.dll
0x00007ff9d6c60000 - 0x00007ff9d6cbe000 	C:\Users\David\AppData\Local\Temp\lwjgl_David\3.3.3+5\x64\lwjgl_opengl.dll

dbghelp: loaded successfully - version: 4.0.5 - missing functions: none
symbol engine: initialized successfully - sym options: 0x614 - pdb path: .;C:\Users\David\.jdks\corretto-17.0.5\bin;C:\Windows\SYSTEM32;C:\Windows\WinSxS\amd64_microsoft.windows.common-controls_6595b64144ccf1df_6.0.19041.3570_none_60bb2a3971f3e41a;C:\Users\David\.jdks\corretto-17.0.5\bin\server;C:\Program Files\JetBrains\IntelliJ IDEA Community Edition 2022.3.1\bin;C:\Users\David\AppData\Local\Temp\lwjgl_David\3.3.3+5\x64;C:\Program Files (x86)\RivaTuner Statistics Server;C:\Fraps;C:\ProgramData\obs-studio-hook

VM Arguments:
jvm_args: -javaagent:C:\Program Files\JetBrains\IntelliJ IDEA Community Edition 2022.3.1\lib\idea_rt.jar=52533:C:\Program Files\JetBrains\IntelliJ IDEA Community Edition 2022.3.1\bin -Dfile.encoding=UTF-8 
java_command: Practice
java_class_path (initial): C:\Users\David\IdeaProjects\StepManiaJavaPort\out\production\StepManiaJavaPort;C:\Users\David\IdeaProjects\StepManiaJavaPort\libs\lwjgl.jar;C:\Users\David\IdeaProjects\StepManiaJavaPort\libs\lwjgl-stb.jar;C:\Users\David\IdeaProjects\StepManiaJavaPort\libs\lwjgl-glfw.jar;C:\Users\David\IdeaProjects\StepManiaJavaPort\libs\lwjgl-assimp.jar;C:\Users\David\IdeaProjects\StepManiaJavaPort\libs\lwjgl-openal.jar;C:\Users\David\IdeaProjects\StepManiaJavaPort\libs\lwjgl-opengl.jar;C:\Users\David\IdeaProjects\StepManiaJavaPort\libs\lwjgl-javadoc.jar;C:\Users\David\IdeaProjects\StepManiaJavaPort\libs\lwjgl-sources.jar;C:\Users\David\IdeaProjects\StepManiaJavaPort\libs\lwjgl-stb-javadoc.jar;C:\Users\David\IdeaProjects\StepManiaJavaPort\libs\lwjgl-stb-sources.jar;C:\Users\David\IdeaProjects\StepManiaJavaPort\libs\lwjgl-glfw-javadoc.jar;C:\Users\David\IdeaProjects\StepManiaJavaPort\libs\lwjgl-glfw-sources.jar;C:\Users\David\IdeaProjects\StepManiaJavaPort\libs\lwjgl-assimp-javadoc.jar;C:\Users\David\IdeaProjects\StepManiaJavaPort\libs\lwjgl-assimp-sources.jar;C:\Users\David\IdeaProjects\StepManiaJavaPort\libs\lwjgl-openal-javadoc.jar;C:\Users\David\IdeaProjects\StepManiaJavaPort\libs\lwjgl-openal-sources.jar;C:\Users\David\IdeaProjects\StepManiaJavaPort\libs\lwjgl-opengl-javadoc.jar;C:\Users\David\IdeaProjects\StepManiaJavaPort\libs\lwjgl-opengl-sources.jar;C:\Users\David\IdeaProjects\StepManiaJavaPort\libs\lwjgl-natives-windows.jar;C:\Users\David\IdeaProjects\StepManiaJavaPort\libs\lwjgl-stb-natives-windows.jar;C:\Users\David\IdeaProjects\StepManiaJavaPort\libs\lwjgl-glfw-natives-windows.jar;C:\Users\David\IdeaProjects\StepManiaJavaPort\libs\lwjgl-assimp-natives-windows.jar;C:\Users\David\IdeaProjects\StepManiaJavaPort\libs\lwjgl-openal-natives-windows.jar;C:\Users\David\IdeaProjects\StepManiaJavaPort\libs\lwjgl-opengl-natives-windows.jar
Launcher Type: SUN_STANDARD

[Global flags]
     intx CICompilerCount                          = 4                                         {product} {ergonomic}
     uint ConcGCThreads                            = 2                                         {product} {ergonomic}
     uint G1ConcRefinementThreads                  = 8                                         {product} {ergonomic}
   size_t G1HeapRegionSize                         = 1048576                                   {product} {ergonomic}
    uintx GCDrainStackTargetSize                   = 64                                        {product} {ergonomic}
   size_t InitialHeapSize                          = 67108864                                  {product} {ergonomic}
   size_t MarkStackSize                            = 4194304                                   {product} {ergonomic}
   size_t MaxHeapSize                              = 1052770304                                {product} {ergonomic}
   size_t MaxNewSize                               = 631242752                                 {product} {ergonomic}
   size_t MinHeapDeltaBytes                        = 1048576                                   {product} {ergonomic}
   size_t MinHeapSize                              = 8388608                                   {product} {ergonomic}
    uintx NonNMethodCodeHeapSize                   = 5839372                                {pd product} {ergonomic}
    uintx NonProfiledCodeHeapSize                  = 122909434                              {pd product} {ergonomic}
    uintx ProfiledCodeHeapSize                     = 122909434                              {pd product} {ergonomic}
    uintx ReservedCodeCacheSize                    = 251658240                              {pd product} {ergonomic}
     bool SegmentedCodeCache                       = true                                      {product} {ergonomic}
   size_t SoftMaxHeapSize                          = 1052770304                             {manageable} {ergonomic}
     bool UseCompressedClassPointers               = true                           {product lp64_product} {ergonomic}
     bool UseCompressedOops                        = true                           {product lp64_product} {ergonomic}
     bool UseG1GC                                  = true                                      {product} {ergonomic}
     bool UseLargePagesIndividualAllocation        = false                                  {pd product} {ergonomic}

Logging:
Log output configuration:
 #0: stdout all=warning uptime,level,tags
 #1: stderr all=off uptime,level,tags

Environment Variables:
JAVA_HOME=C:\Program Files\Eclipse Adoptium\jdk-17.0.5.8-hotspot\
PATH=C:\VulkanSDK\1.3.246.1\Bin;C:\Program Files\Eclipse Adoptium\jdk-17.0.5.8-hotspot\bin;C:\Program Files (x86)\NVIDIA Corporation\PhysX\Common;C:\Windows\system32;C:\Windows;C:\Windows\System32\Wbem;C:\Windows\System32\WindowsPowerShell\v1.0\;C:\Windows\System32\OpenSSH\;C:\Program Files (x86)\Intel\OpenCL SDK\2.0\bin\x86;C:\Program Files (x86)\Intel\OpenCL SDK\2.0\bin\x64;C:\Program Files\Git\cmd;C:\Program Files (x86)\Intel\OpenCL SDK\2.0\bin\x86;C:\Program Files (x86)\Intel\OpenCL SDK\2.0\bin\x64;C:\Program Files\dotnet\;C:\Program Files (x86)\GtkSharp\2.12\bin;C:\Users\David\AppData\Local\Microsoft\WindowsApps;;C:\Users\David\AppData\Local\Programs\Microsoft VS Code\bin;C:\Users\David\.dotnet\tools
USERNAME=David
OS=Windows_NT
PROCESSOR_IDENTIFIER=Intel64 Family 6 Model 42 Stepping 7, GenuineIntel
TMP=C:\Users\David\AppData\Local\Temp
TEMP=C:\Users\David\AppData\Local\Temp



---------------  S Y S T E M  ---------------

OS:
 Windows 10 , 64 bit Build 19041 (10.0.19041.3570)
OS uptime: 25 days 1:00 hours

CPU: total 8 (initial active 8) (4 cores per cpu, 2 threads per core) family 6 model 42 stepping 7 microcode 0x2f, cx8, cmov, fxsr, ht, mmx, sse, sse2, sse3, ssse3, sse4.1, sse4.2, popcnt, tsc, tscinvbit, avx, aes, clmul, vzeroupper, clflush

Memory: 4k page, system-wide physical 4009M (274M free)
TotalPageFile size 15699M (AvailPageFile size 4505M)
current process WorkingSet (physical memory assigned to process): 79M, peak: 79M
current process commit charge ("private bytes"): 214M, peak: 214M

vm_info: OpenJDK 64-Bit Server VM (17.0.5+8-LTS) for windows-amd64 JRE (17.0.5+8-LTS), built on Oct 13 2022 05:18:14 by "Administrator" with MS VC++ 15.9 (VS2017)

END.
