#
# A fatal error has been detected by the Java Runtime Environment:
#
#  EXCEPTION_ACCESS_VIOLATION (0xc0000005) at pc=0x00007ff9e023c59a, pid=22220, tid=9844
#
# JRE version: OpenJDK Runtime Environment Corretto-17.0.5.8.1 (17.0.5+8) (build 17.0.5+8-LTS)
# Java VM: OpenJDK 64-Bit Server VM Corretto-17.0.5.8.1 (17.0.5+8-LTS, mixed mode, sharing, tiered, compressed oops, compressed class ptrs, g1 gc, windows-amd64)
# Problematic frame:
# C  [lwjgl_opengl.dll+0xc59a]
#
# No core dump will be written. Minidumps are not enabled by default on client versions of Windows
#
# If you would like to submit a bug report, please visit:
#   https://github.com/corretto/corretto-17/issues/
# The crash happened outside the Java Virtual Machine in native code.
# See problematic frame for where to report the bug.
#

---------------  S U M M A R Y ------------

Command Line: -javaagent:C:\Program Files\JetBrains\IntelliJ IDEA Community Edition 2022.3.1\lib\idea_rt.jar=63952:C:\Program Files\JetBrains\IntelliJ IDEA Community Edition 2022.3.1\bin -Dfile.encoding=UTF-8 Practice

Host: Intel(R) Core(TM) i7-2670QM CPU @ 2.20GHz, 8 cores, 3G,  Windows 10 , 64 bit Build 19041 (10.0.19041.3570)
Time: Mon Nov 27 13:40:19 2023 Pacific Standard Time elapsed time: 2.551370 seconds (0d 0h 0m 2s)

---------------  T H R E A D  ---------------

Current thread (0x0000021d473871f0):  JavaThread "main" [_thread_in_native, id=9844, stack(0x0000002e90a00000,0x0000002e90b00000)]

Stack: [0x0000002e90a00000,0x0000002e90b00000],  sp=0x0000002e90aff418,  free space=1021k
Native frames: (J=compiled Java code, j=interpreted, Vv=VM code, C=native code)
C  [lwjgl_opengl.dll+0xc59a]

Java frames: (J=compiled Java code, j=interpreted, Vv=VM code)
j  org.lwjgl.opengl.GL11C.glClear(I)V+0
j  org.lwjgl.opengl.GL11.glClear(I)V+1
j  Practice.main([Ljava/lang/String;)V+41
v  ~StubRoutines::call_stub

siginfo: EXCEPTION_ACCESS_VIOLATION (0xc0000005), reading address 0x0000000000000060


Register to memory mapping:

RIP=0x00007ff9e023c59a lwjgl_opengl.dll
RAX=0x0000021d63e0ba90 points into unknown readable memory: 0x0000000000000000 | 00 00 00 00 00 00 00 00
RBX={method} {0x0000021d6391abe0} 'glClear' '(I)V' in 'org/lwjgl/opengl/GL11C'
RCX=0x0000000000004100 is an unknown value
RDX=0x0 is NULL
RSP=0x0000002e90aff418 is pointing into the stack for thread: 0x0000021d473871f0
RBP=0x0000002e90aff490 is pointing into the stack for thread: 0x0000021d473871f0
RSI=0x0 is NULL
RDI=0x0000021d4ee994fe is at code_begin+1118 in an Interpreter codelet
return entry points  [0x0000021d4ee990a0, 0x0000021d4ee99ba0]  2816 bytes
R8 =0x0000000000004100 is an unknown value
R9 =0x0000000000000002 is an unknown value
R10=0x0000021d4ee9d572 is at code_begin+946 in an Interpreter codelet
method entry point (kind = native)  [0x0000021d4ee9d1c0, 0x0000021d4ee9db40]  2432 bytes
R11=0x00000000c4c4a0b8 is an oop: java.lang.Class 
{0x00000000c4c4a0b8} - klass: 'java/lang/Class'
 - ---- fields (total size 116 words):
 - private volatile transient 'classRedefinedCount' 'I' @12  0
 - private volatile transient 'cachedConstructor' 'Ljava/lang/reflect/Constructor;' @40  NULL (0)
 - private transient 'name' 'Ljava/lang/String;' @44  "org.lwjgl.opengl.GL11C"{0x00000000c4c4a468} (c4c4a468)
 - private transient 'module' 'Ljava/lang/Module;' @48  a 'java/lang/Module'{0x00000000c53606f0} (c53606f0)
 - private final 'classLoader' 'Ljava/lang/ClassLoader;' @52  a 'jdk/internal/loader/ClassLoaders$AppClassLoader'{0x00000000c5360530} (c5360530)
 - private transient 'classData' 'Ljava/lang/Object;' @56  NULL (0)
 - private transient 'packageName' 'Ljava/lang/String;' @60  "org.lwjgl.opengl"{0x00000000c4e99b18} (c4e99b18)
 - private final 'componentType' 'Ljava/lang/Class;' @64  NULL (0)
 - private volatile transient 'reflectionData' 'Ljava/lang/ref/SoftReference;' @68  NULL (0)
 - private volatile transient 'genericInfo' 'Lsun/reflect/generics/repository/ClassRepository;' @72  NULL (0)
 - private volatile transient 'enumConstants' '[Ljava/lang/Object;' @76  NULL (0)
 - private volatile transient 'enumConstantDirectory' 'Ljava/util/Map;' @80  NULL (0)
 - private volatile transient 'annotationData' 'Ljava/lang/Class$AnnotationData;' @84  NULL (0)
 - private volatile transient 'annotationType' 'Lsun/reflect/annotation/AnnotationType;' @88  NULL (0)
 - transient 'classValueMap' 'Ljava/lang/ClassValue$ClassValueMap;' @92  NULL (0)
 - signature: Lorg/lwjgl/opengl/GL11C;
 - fake entry for mirror: 'org/lwjgl/opengl/GL11C'
 - fake entry for array: NULL
 - fake entry for oop_size: 116
 - fake entry for static_oop_field_count: 0
 - public static final 'GL_NEVER' 'I' @112  512 (200)
 - public static final 'GL_LESS' 'I' @116  513 (201)
 - public static final 'GL_EQUAL' 'I' @120  514 (202)
 - public static final 'GL_LEQUAL' 'I' @124  515 (203)
 - public static final 'GL_GREATER' 'I' @128  516 (204)
 - public static final 'GL_NOTEQUAL' 'I' @132  517 (205)
 - public static final 'GL_GEQUAL' 'I' @136  518 (206)
 - public static final 'GL_ALWAYS' 'I' @140  519 (207)
 - public static final 'GL_DEPTH_BUFFER_BIT' 'I' @144  256 (100)
 - public static final 'GL_STENCIL_BUFFER_BIT' 'I' @148  1024 (400)
 - public static final 'GL_COLOR_BUFFER_BIT' 'I' @152  16384 (4000)
 - public static final 'GL_POINTS' 'I' @156  0
 - public static final 'GL_LINES' 'I' @160  1
 - public static final 'GL_LINE_LOOP' 'I' @164  2
 - public static final 'GL_LINE_STRIP' 'I' @168  3
 - public static final 'GL_TRIANGLES' 'I' @172  4
 - public static final 'GL_TRIANGLE_STRIP' 'I' @176  5
 - public static final 'GL_TRIANGLE_FAN' 'I' @180  6
 - public static final 'GL_QUADS' 'I' @184  7
 - public static final 'GL_ZERO' 'I' @188  0
 - public static final 'GL_ONE' 'I' @192  1
 - public static final 'GL_SRC_COLOR' 'I' @196  768 (300)
 - public static final 'GL_ONE_MINUS_SRC_COLOR' 'I' @200  769 (301)
 - public static final 'GL_SRC_ALPHA' 'I' @204  770 (302)
 - public static final 'GL_ONE_MINUS_SRC_ALPHA' 'I' @208  771 (303)
 - public static final 'GL_DST_ALPHA' 'I' @212  772 (304)
 - public static final 'GL_ONE_MINUS_DST_ALPHA' 'I' @216  773 (305)
 - public static final 'GL_DST_COLOR' 'I' @220  774 (306)
 - public static final 'GL_ONE_MINUS_DST_COLOR' 'I' @224  775 (307)
 - public static final 'GL_SRC_ALPHA_SATURATE' 'I' @228  776 (308)
 - public static final 'GL_TRUE' 'I' @232  1
 - public static final 'GL_FALSE' 'I' @236  0
 - public static final 'GL_BYTE' 'I' @240  5120 (1400)
 - public static final 'GL_UNSIGNED_BYTE' 'I' @244  5121 (1401)
 - public static final 'GL_SHORT' 'I' @248  5122 (1402)
 - public static final 'GL_UNSIGNED_SHORT' 'I' @252  5123 (1403)
 - public static final 'GL_INT' 'I' @256  5124 (1404)
 - public static final 'GL_UNSIGNED_INT' 'I' @260  5125 (1405)
 - public static final 'GL_FLOAT' 'I' @264  5126 (1406)
 - public static final 'GL_DOUBLE' 'I' @268  5130 (140a)
 - public static final 'GL_NONE' 'I' @272  0
 - public static final 'GL_FRONT_LEFT' 'I' @276  1024 (400)
 - public static final 'GL_FRONT_RIGHT' 'I' @280  1025 (401)
 - public static final 'GL_BACK_LEFT' 'I' @284  1026 (402)
 - public static final 'GL_BACK_RIGHT' 'I' @288  1027 (403)
 - public static final 'GL_FRONT' 'I' @292  1028 (404)
 - public static final 'GL_BACK' 'I' @296  1029 (405)
 - public static final 'GL_LEFT' 'I' @300  1030 (406)
 - public static final 'GL_RIGHT' 'I' @304  1031 (407)
 - public static final 'GL_FRONT_AND_BACK' 'I' @308  1032 (408)
 - public static final 'GL_NO_ERROR' 'I' @312  0
 - public static final 'GL_INVALID_ENUM' 'I' @316  1280 (500)
 - public static final 'GL_INVALID_VALUE' 'I' @320  1281 (501)
 - public static final 'GL_INVALID_OPERATION' 'I' @324  1282 (502)
 - public static final 'GL_STACK_OVERFLOW' 'I' @328  1283 (503)
 - public static final 'GL_STACK_UNDERFLOW' 'I' @332  1284 (504)
 - public static final 'GL_OUT_OF_MEMORY' 'I' @336  1285 (505)
 - public static final 'GL_CW' 'I' @340  2304 (900)
 - public static final 'GL_CCW' 'I' @344  2305 (901)
 - public static final 'GL_POINT_SIZE' 'I' @348  2833 (b11)
 - public static final 'GL_POINT_SIZE_RANGE' 'I' @352  2834 (b12)
 - public static final 'GL_POINT_SIZE_GRANULARITY' 'I' @356  2835 (b13)
 - public static final 'GL_LINE_SMOOTH' 'I' @360  2848 (b20)
 - public static final 'GL_LINE_WIDTH' 'I' @364  2849 (b21)
 - public static final 'GL_LINE_WIDTH_RANGE' 'I' @368  2850 (b22)
 - public static final 'GL_LINE_WIDTH_GRANULARITY' 'I' @372  2851 (b23)
 - public static final 'GL_POLYGON_MODE' 'I' @376  2880 (b40)
 - public static final 'GL_POLYGON_SMOOTH' 'I' @380  2881 (b41)
 - public static final 'GL_CULL_FACE' 'I' @384  2884 (b44)
 - public static final 'GL_CULL_FACE_MODE' 'I' @388  2885 (b45)
 - public static final 'GL_FRONT_FACE' 'I' @392  2886 (b46)
 - public static final 'GL_DEPTH_RANGE' 'I' @396  2928 (b70)
 - public static final 'GL_DEPTH_TEST' 'I' @400  2929 (b71)
 - public static final 'GL_DEPTH_WRITEMASK' 'I' @404  2930 (b72)
 - public static final 'GL_DEPTH_CLEAR_VALUE' 'I' @408  2931 (b73)
 - public static final 'GL_DEPTH_FUNC' 'I' @412  2932 (b74)
 - public static final 'GL_STENCIL_TEST' 'I' @416  2960 (b90)
 - public static final 'GL_STENCIL_CLEAR_VALUE' 'I' @420  2961 (b91)
 - public static final 'GL_STENCIL_FUNC' 'I' @424  2962 (b92)
 - public static final 'GL_STENCIL_VALUE_MASK' 'I' @428  2963 (b93)
 - public static final 'GL_STENCIL_FAIL' 'I' @432  2964 (b94)
 - public static final 'GL_STENCIL_PASS_DEPTH_FAIL' 'I' @436  2965 (b95)
 - public static final 'GL_STENCIL_PASS_DEPTH_PASS' 'I' @440  2966 (b96)
 - public static final 'GL_STENCIL_REF' 'I' @444  2967 (b97)
 - public static final 'GL_STENCIL_WRITEMASK' 'I' @448  2968 (b98)
 - public static final 'GL_VIEWPORT' 'I' @452  2978 (ba2)
 - public static final 'GL_DITHER' 'I' @456  3024 (bd0)
 - public static final 'GL_BLEND_DST' 'I' @460  3040 (be0)
 - public static final 'GL_BLEND_SRC' 'I' @464  3041 (be1)
 - public static final 'GL_BLEND' 'I' @468  3042 (be2)
 - public static final 'GL_LOGIC_OP_MODE' 'I' @472  3056 (bf0)
 - public static final 'GL_COLOR_LOGIC_OP' 'I' @476  3058 (bf2)
 - public static final 'GL_DRAW_BUFFER' 'I' @480  3073 (c01)
 - public static final 'GL_READ_BUFFER' 'I' @484  3074 (c02)
 - public static final 'GL_SCISSOR_BOX' 'I' @488  3088 (c10)
 - public static final 'GL_SCISSOR_TEST' 'I' @492  3089 (c11)
 - public static final 'GL_COLOR_CLEAR_VALUE' 'I' @496  3106 (c22)
 - public static final 'GL_COLOR_WRITEMASK' 'I' @500  3107 (c23)
 - public static final 'GL_DOUBLEBUFFER' 'I' @504  3122 (c32)
 - public static final 'GL_STEREO' 'I' @508  3123 (c33)
 - public static final 'GL_LINE_SMOOTH_HINT' 'I' @512  3154 (c52)
 - public static final 'GL_POLYGON_SMOOTH_HINT' 'I' @516  3155 (c53)
 - public static final 'GL_UNPACK_SWAP_BYTES' 'I' @520  3312 (cf0)
 - public static final 'GL_UNPACK_LSB_FIRST' 'I' @524  3313 (cf1)
 - public static final 'GL_UNPACK_ROW_LENGTH' 'I' @528  3314 (cf2)
 - public static final 'GL_UNPACK_SKIP_ROWS' 'I' @532  3315 (cf3)
 - public static final 'GL_UNPACK_SKIP_PIXELS' 'I' @536  3316 (cf4)
 - public static final 'GL_UNPACK_ALIGNMENT' 'I' @540  3317 (cf5)
 - public static final 'GL_PACK_SWAP_BYTES' 'I' @544  3328 (d00)
 - public static final 'GL_PACK_LSB_FIRST' 'I' @548  3329 (d01)
 - public static final 'GL_PACK_ROW_LENGTH' 'I' @552  3330 (d02)
 - public static final 'GL_PACK_SKIP_ROWS' 'I' @556  3331 (d03)
 - public static final 'GL_PACK_SKIP_PIXELS' 'I' @560  3332 (d04)
 - public static final 'GL_PACK_ALIGNMENT' 'I' @564  3333 (d05)
 - public static final 'GL_MAX_TEXTURE_SIZE' 'I' @568  3379 (d33)
 - public static final 'GL_MAX_VIEWPORT_DIMS' 'I' @572  3386 (d3a)
 - public static final 'GL_SUBPIXEL_BITS' 'I' @576  3408 (d50)
 - public static final 'GL_TEXTURE_1D' 'I' @580  3552 (de0)
 - public static final 'GL_TEXTURE_2D' 'I' @584  3553 (de1)
 - public static final 'GL_TEXTURE_WIDTH' 'I' @588  4096 (1000)
 - public static final 'GL_TEXTURE_HEIGHT' 'I' @592  4097 (1001)
 - public static final 'GL_TEXTURE_INTERNAL_FORMAT' 'I' @596  4099 (1003)
 - public static final 'GL_TEXTURE_BORDER_COLOR' 'I' @600  4100 (1004)
 - public static final 'GL_DONT_CARE' 'I' @604  4352 (1100)
 - public static final 'GL_FASTEST' 'I' @608  4353 (1101)
 - public static final 'GL_NICEST' 'I' @612  4354 (1102)
 - public static final 'GL_CLEAR' 'I' @616  5376 (1500)
 - public static final 'GL_AND' 'I' @620  5377 (1501)
 - public static final 'GL_AND_REVERSE' 'I' @624  5378 (1502)
 - public static final 'GL_COPY' 'I' @628  5379 (1503)
 - public static final 'GL_AND_INVERTED' 'I' @632  5380 (1504)
 - public static final 'GL_NOOP' 'I' @636  5381 (1505)
 - public static final 'GL_XOR' 'I' @640  5382 (1506)
 - public static final 'GL_OR' 'I' @644  5383 (1507)
 - public static final 'GL_NOR' 'I' @648  5384 (1508)
 - public static final 'GL_EQUIV' 'I' @652  5385 (1509)
 - public static final 'GL_INVERT' 'I' @656  5386 (150a)
 - public static final 'GL_OR_REVERSE' 'I' @660  5387 (150b)
 - public static final 'GL_COPY_INVERTED' 'I' @664  5388 (150c)
 - public static final 'GL_OR_INVERTED' 'I' @668  5389 (150d)
 - public static final 'GL_NAND' 'I' @672  5390 (150e)
 - public static final 'GL_SET' 'I' @676  5391 (150f)
 - public static final 'GL_TEXTURE' 'I' @680  5890 (1702)
 - public static final 'GL_COLOR' 'I' @684  6144 (1800)
 - public static final 'GL_DEPTH' 'I' @688  6145 (1801)
 - public static final 'GL_STENCIL' 'I' @692  6146 (1802)
 - public static final 'GL_STENCIL_INDEX' 'I' @696  6401 (1901)
 - public static final 'GL_DEPTH_COMPONENT' 'I' @700  6402 (1902)
 - public static final 'GL_RED' 'I' @704  6403 (1903)
 - public static final 'GL_GREEN' 'I' @708  6404 (1904)
 - public static final 'GL_BLUE' 'I' @712  6405 (1905)
 - public static final 'GL_ALPHA' 'I' @716  6406 (1906)
 - public static final 'GL_RGB' 'I' @720  6407 (1907)
 - public static final 'GL_RGBA' 'I' @724  6408 (1908)
 - public static final 'GL_POINT' 'I' @728  6912 (1b00)
 - public static final 'GL_LINE' 'I' @732  6913 (1b01)
 - public static final 'GL_FILL' 'I' @736  6914 (1b02)
 - public static final 'GL_KEEP' 'I' @740  7680 (1e00)
 - public static final 'GL_REPLACE' 'I' @744  7681 (1e01)
 - public static final 'GL_INCR' 'I' @748  7682 (1e02)
 - public static final 'GL_DECR' 'I' @752  7683 (1e03)
 - public static final 'GL_VENDOR' 'I' @756  7936 (1f00)
 - public static final 'GL_RENDERER' 'I' @760  7937 (1f01)
 - public static final 'GL_VERSION' 'I' @764  7938 (1f02)
 - public static final 'GL_EXTENSIONS' 'I' @768  7939 (1f03)
 - public static final 'GL_NEAREST' 'I' @772  9728 (2600)
 - public static final 'GL_LINEAR' 'I' @776  9729 (2601)
 - public static final 'GL_NEAREST_MIPMAP_NEAREST' 'I' @780  9984 (2700)
 - public static final 'GL_LINEAR_MIPMAP_NEAREST' 'I' @784  9985 (2701)
 - public static final 'GL_NEAREST_MIPMAP_LINEAR' 'I' @788  9986 (2702)
 - public static final 'GL_LINEAR_MIPMAP_LINEAR' 'I' @792  9987 (2703)
 - public static final 'GL_TEXTURE_MAG_FILTER' 'I' @796  10240 (2800)
 - public static final 'GL_TEXTURE_MIN_FILTER' 'I' @800  10241 (2801)
 - public static final 'GL_TEXTURE_WRAP_S' 'I' @804  10242 (2802)
 - public static final 'GL_TEXTURE_WRAP_T' 'I' @808  10243 (2803)
 - public static final 'GL_REPEAT' 'I' @812  10497 (2901)
 - public static final 'GL_POLYGON_OFFSET_FACTOR' 'I' @816  32824 (8038)
 - public static final 'GL_POLYGON_OFFSET_UNITS' 'I' @820  10752 (2a00)
 - public static final 'GL_POLYGON_OFFSET_POINT' 'I' @824  10753 (2a01)
 - public static final 'GL_POLYGON_OFFSET_LINE' 'I' @828  10754 (2a02)
 - public static final 'GL_POLYGON_OFFSET_FILL' 'I' @832  32823 (8037)
 - public static final 'GL_R3_G3_B2' 'I' @836  10768 (2a10)
 - public static final 'GL_RGB4' 'I' @840  32847 (804f)
 - public static final 'GL_RGB5' 'I' @844  32848 (8050)
 - public static final 'GL_RGB8' 'I' @848  32849 (8051)
 - public static final 'GL_RGB10' 'I' @852  32850 (8052)
 - public static final 'GL_RGB12' 'I' @856  32851 (8053)
 - public static final 'GL_RGB16' 'I' @860  32852 (8054)
 - public static final 'GL_RGBA2' 'I' @864  32853 (8055)
 - public static final 'GL_RGBA4' 'I' @868  32854 (8056)
 - public static final 'GL_RGB5_A1' 'I' @872  32855 (8057)
 - public static final 'GL_RGBA8' 'I' @876  32856 (8058)
 - public static final 'GL_RGB10_A2' 'I' @880  32857 (8059)
 - public static final 'GL_RGBA12' 'I' @884  32858 (805a)
 - public static final 'GL_RGBA16' 'I' @888  32859 (805b)
 - public static final 'GL_TEXTURE_RED_SIZE' 'I' @892  32860 (805c)
 - public static final 'GL_TEXTURE_GREEN_SIZE' 'I' @896  32861 (805d)
 - public static final 'GL_TEXTURE_BLUE_SIZE' 'I' @900  32862 (805e)
 - public static final 'GL_TEXTURE_ALPHA_SIZE' 'I' @904  32863 (805f)
 - public static final 'GL_PROXY_TEXTURE_1D' 'I' @908  32867 (8063)
 - public static final 'GL_PROXY_TEXTURE_2D' 'I' @912  32868 (8064)
 - public static final 'GL_TEXTURE_BINDING_1D' 'I' @916  32872 (8068)
 - public static final 'GL_TEXTURE_BINDING_2D' 'I' @920  32873 (8069)
 - public static final 'GL_VERTEX_ARRAY' 'I' @924  32884 (8074)
R12=0x0 is NULL
R13=0x0000021d6391abd0 is pointing into metadata
R14=0x0000002e90aff4b0 is pointing into the stack for thread: 0x0000021d473871f0
R15=0x0000021d473871f0 is a thread


Registers:
RAX=0x0000021d63e0ba90, RBX=0x0000021d6391abd8, RCX=0x0000000000004100, RDX=0x0000000000000000
RSP=0x0000002e90aff418, RBP=0x0000002e90aff490, RSI=0x0000000000000000, RDI=0x0000021d4ee994fe
R8 =0x0000000000004100, R9 =0x0000000000000002, R10=0x0000021d4ee9d572, R11=0x00000000c4c4a0b8
R12=0x0000000000000000, R13=0x0000021d6391abd0, R14=0x0000002e90aff4b0, R15=0x0000021d473871f0
RIP=0x00007ff9e023c59a, EFLAGS=0x0000000000010202

Top of Stack: (sp=0x0000002e90aff418)
0x0000002e90aff418:   0000021d4ee9d5a1 0000021d6391abd8
0x0000002e90aff428:   0000000000000000 0000000000000000
0x0000002e90aff438:   0000000000000000 0000021d4ee9d276
0x0000002e90aff448:   0000002e90aff448 0000021d6391abd0
0x0000002e90aff458:   0000002e90aff4b0 0000021d63923e90
0x0000002e90aff468:   0000000000000000 00000000c4c4a0b8
0x0000002e90aff478:   0000021d6391abd8 0000000000000000
0x0000002e90aff488:   0000002e90aff4b0 0000002e90aff500
0x0000002e90aff498:   0000021d4ee994fe 00000000c4c4a0b8
0x0000002e90aff4a8:   0000021d4ee9af78 0000000000004100
0x0000002e90aff4b8:   0000002e90aff4b8 0000021d638d69a9
0x0000002e90aff4c8:   0000002e90aff510 0000021d63908000
0x0000002e90aff4d8:   0000000000000000 00000000c4ed9b78
0x0000002e90aff4e8:   0000021d638d69d0 0000002e90aff4b0
0x0000002e90aff4f8:   0000002e90aff510 0000002e90aff560
0x0000002e90aff508:   0000021d4ee994fe 0000000000004100 

Instructions: (pc=0x00007ff9e023c59a)
0x00007ff9e023c49a:   cc cc cc cc cc cc 48 8b 01 49 8b c8 48 8b 50 18
0x00007ff9e023c4aa:   48 ff a2 58 0a 00 00 cc cc cc cc cc cc cc cc cc
0x00007ff9e023c4ba:   cc cc cc cc cc cc 48 8b 01 49 8b c8 48 8b 50 18
0x00007ff9e023c4ca:   48 ff a2 60 0a 00 00 cc cc cc cc cc cc cc cc cc
0x00007ff9e023c4da:   cc cc cc cc cc cc 48 8b 01 49 8b c8 48 8b 50 18
0x00007ff9e023c4ea:   48 ff a2 68 0a 00 00 cc cc cc cc cc cc cc cc cc
0x00007ff9e023c4fa:   cc cc cc cc cc cc 40 53 48 8b 01 41 8b d8 44 8b
0x00007ff9e023c50a:   44 24 30 41 8b d1 4c 8b 4c 24 38 8b cb 4c 8b 50
0x00007ff9e023c51a:   18 5b 49 ff a2 70 0a 00 00 cc cc cc cc cc cc cc
0x00007ff9e023c52a:   cc cc cc cc cc cc 48 8b 01 41 8b c8 48 8b 50 18
0x00007ff9e023c53a:   48 ff 22 cc cc cc 48 8b 01 41 8b c8 48 8b 50 18
0x00007ff9e023c54a:   48 ff 62 08 cc cc 48 8b 01 41 8b d1 41 8b c8 4c
0x00007ff9e023c55a:   8b 50 18 49 ff 62 38 cc cc cc cc cc cc cc cc cc
0x00007ff9e023c56a:   cc cc cc cc cc cc 48 8b 01 41 8b d1 41 8b c8 4c
0x00007ff9e023c57a:   8b 50 18 49 ff 62 48 cc cc cc cc cc cc cc cc cc
0x00007ff9e023c58a:   cc cc cc cc cc cc 48 8b 01 41 8b c8 48 8b 50 18
0x00007ff9e023c59a:   48 ff 62 60 cc cc 48 8b 01 0f 28 cb f3 0f 10 5c
0x00007ff9e023c5aa:   24 30 0f 28 c2 f3 0f 10 54 24 28 48 8b 48 18 48
0x00007ff9e023c5ba:   ff 61 70 cc cc cc 48 8b 01 0f 28 c2 48 8b 48 18
0x00007ff9e023c5ca:   48 ff 61 78 cc cc 48 8b 01 41 8b c8 48 8b 50 18
0x00007ff9e023c5da:   48 ff a2 88 00 00 00 cc cc cc cc cc cc cc cc cc
0x00007ff9e023c5ea:   cc cc cc cc cc cc 40 53 48 8b 01 41 0f b6 d8 44
0x00007ff9e023c5fa:   0f b6 44 24 30 41 0f b6 d1 44 0f b6 4c 24 38 0f
0x00007ff9e023c60a:   b6 cb 4c 8b 50 18 5b 49 ff a2 98 01 00 00 cc cc
0x00007ff9e023c61a:   cc cc cc cc cc cc 48 8b 01 41 8b c8 48 8b 50 18
0x00007ff9e023c62a:   48 ff a2 b8 01 00 00 cc cc cc cc cc cc cc cc cc
0x00007ff9e023c63a:   cc cc cc cc cc cc 48 8b 01 41 8b c8 48 8b 50 18
0x00007ff9e023c64a:   48 ff a2 c8 01 00 00 cc cc cc cc cc cc cc cc cc
0x00007ff9e023c65a:   cc cc cc cc cc cc 48 8b 01 41 0f b6 c8 48 8b 50
0x00007ff9e023c66a:   18 48 ff a2 d0 01 00 00 cc cc cc cc cc cc cc cc
0x00007ff9e023c67a:   cc cc cc cc cc cc 48 8b 01 0f 28 cb 0f 28 c2 48
0x00007ff9e023c68a:   8b 48 18 48 ff a1 d8 01 00 00 cc cc cc cc cc cc 


Stack slot to memory mapping:
stack at sp + 0 slots: 0x0000021d4ee9d5a1 is at code_begin+993 in an Interpreter codelet
method entry point (kind = native)  [0x0000021d4ee9d1c0, 0x0000021d4ee9db40]  2432 bytes
stack at sp + 1 slots: {method} {0x0000021d6391abe0} 'glClear' '(I)V' in 'org/lwjgl/opengl/GL11C'
stack at sp + 2 slots: 0x0 is NULL
stack at sp + 3 slots: 0x0 is NULL
stack at sp + 4 slots: 0x0 is NULL
stack at sp + 5 slots: 0x0000021d4ee9d276 is at code_begin+182 in an Interpreter codelet
method entry point (kind = native)  [0x0000021d4ee9d1c0, 0x0000021d4ee9db40]  2432 bytes
stack at sp + 6 slots: 0x0000002e90aff448 is pointing into the stack for thread: 0x0000021d473871f0
stack at sp + 7 slots: 0x0000021d6391abd0 is pointing into metadata


---------------  P R O C E S S  ---------------

Threads class SMR info:
_java_thread_list=0x0000021d63c5c310, length=13, elements={
0x0000021d473871f0, 0x0000021d474569d0, 0x0000021d47457840, 0x0000021d630c65b0,
0x0000021d630c9f90, 0x0000021d630cc950, 0x0000021d630f0c20, 0x0000021d630f29c0,
0x0000021d630fb470, 0x0000021d63108a60, 0x0000021d63c570d0, 0x0000021d63db7d60,
0x0000021d63d890e0
}

Java Threads: ( => current thread )
=>0x0000021d473871f0 JavaThread "main" [_thread_in_native, id=9844, stack(0x0000002e90a00000,0x0000002e90b00000)]
  0x0000021d474569d0 JavaThread "Reference Handler" daemon [_thread_blocked, id=22160, stack(0x0000002e91100000,0x0000002e91200000)]
  0x0000021d47457840 JavaThread "Finalizer" daemon [_thread_blocked, id=1304, stack(0x0000002e91200000,0x0000002e91300000)]
  0x0000021d630c65b0 JavaThread "Signal Dispatcher" daemon [_thread_blocked, id=22432, stack(0x0000002e91300000,0x0000002e91400000)]
  0x0000021d630c9f90 JavaThread "Attach Listener" daemon [_thread_blocked, id=2460, stack(0x0000002e91400000,0x0000002e91500000)]
  0x0000021d630cc950 JavaThread "Service Thread" daemon [_thread_blocked, id=17636, stack(0x0000002e91500000,0x0000002e91600000)]
  0x0000021d630f0c20 JavaThread "Monitor Deflation Thread" daemon [_thread_blocked, id=1420, stack(0x0000002e91600000,0x0000002e91700000)]
  0x0000021d630f29c0 JavaThread "C2 CompilerThread0" daemon [_thread_blocked, id=2988, stack(0x0000002e91700000,0x0000002e91800000)]
  0x0000021d630fb470 JavaThread "C1 CompilerThread0" daemon [_thread_blocked, id=17936, stack(0x0000002e91800000,0x0000002e91900000)]
  0x0000021d63108a60 JavaThread "Sweeper thread" daemon [_thread_blocked, id=17356, stack(0x0000002e91900000,0x0000002e91a00000)]
  0x0000021d63c570d0 JavaThread "Common-Cleaner" daemon [_thread_blocked, id=10256, stack(0x0000002e91a00000,0x0000002e91b00000)]
  0x0000021d63db7d60 JavaThread "Monitor Ctrl-Break" daemon [_thread_in_native, id=6132, stack(0x0000002e91b00000,0x0000002e91c00000)]
  0x0000021d63d890e0 JavaThread "Notification Thread" daemon [_thread_blocked, id=6700, stack(0x0000002e91c00000,0x0000002e91d00000)]

Other Threads:
  0x0000021d47453de0 VMThread "VM Thread" [stack: 0x0000002e91000000,0x0000002e91100000] [id=19632]
  0x0000021d473e1d50 WatcherThread [stack: 0x0000002e91d00000,0x0000002e91e00000] [id=20624]
  0x0000021d473c3010 GCTaskThread "GC Thread#0" [stack: 0x0000002e90b00000,0x0000002e90c00000] [id=2836]
  0x0000021d473cbcd0 ConcurrentGCThread "G1 Main Marker" [stack: 0x0000002e90c00000,0x0000002e90d00000] [id=1456]
  0x0000021d473ccf20 ConcurrentGCThread "G1 Conc#0" [stack: 0x0000002e90d00000,0x0000002e90e00000] [id=4700]
  0x0000021d4742ee60 ConcurrentGCThread "G1 Refine#0" [stack: 0x0000002e90e00000,0x0000002e90f00000] [id=19272]
  0x0000021d4742f880 ConcurrentGCThread "G1 Service" [stack: 0x0000002e90f00000,0x0000002e91000000] [id=6268]

Threads with active compile tasks:

VM state: not at safepoint (normal execution)

VM Mutex/Monitor currently owned by a thread: None

Heap address: 0x00000000c1400000, size: 1004 MB, Compressed Oops mode: 32-bit

CDS archive(s) mapped at: [0x0000000800000000-0x0000000800bc0000-0x0000000800bc0000), size 12320768, SharedBaseAddress: 0x0000000800000000, ArchiveRelocationMode: 0.
Compressed class space mapped at: 0x0000000800c00000-0x0000000840c00000, reserved size: 1073741824
Narrow klass base: 0x0000000800000000, Narrow klass shift: 0, Narrow klass range: 0x100000000

GC Precious Log:
 CPUs: 8 total, 8 available
 Memory: 4009M
 Large Page Support: Disabled
 NUMA Support: Disabled
 Compressed Oops: Enabled (32-bit)
 Heap Region Size: 1M
 Heap Min Capacity: 8M
 Heap Initial Capacity: 64M
 Heap Max Capacity: 1004M
 Pre-touch: Disabled
 Parallel Workers: 8
 Concurrent Workers: 2
 Concurrent Refinement Workers: 8
 Periodic GC: Disabled

Heap:
 garbage-first heap   total 65536K, used 7168K [0x00000000c1400000, 0x0000000100000000)
  region size 1024K, 8 young (8192K), 0 survivors (0K)
 Metaspace       used 2822K, committed 3008K, reserved 1056768K
  class space    used 187K, committed 256K, reserved 1048576K

Heap Regions: E=young(eden), S=young(survivor), O=old, HS=humongous(starts), HC=humongous(continues), CS=collection set, F=free, OA=open archive, CA=closed archive, TAMS=top-at-mark-start (previous, next)
|   0|0x00000000c1400000, 0x00000000c1400000, 0x00000000c1500000|  0%| F|  |TAMS 0x00000000c1400000, 0x00000000c1400000| Untracked 
|   1|0x00000000c1500000, 0x00000000c1500000, 0x00000000c1600000|  0%| F|  |TAMS 0x00000000c1500000, 0x00000000c1500000| Untracked 
|   2|0x00000000c1600000, 0x00000000c1600000, 0x00000000c1700000|  0%| F|  |TAMS 0x00000000c1600000, 0x00000000c1600000| Untracked 
|   3|0x00000000c1700000, 0x00000000c1700000, 0x00000000c1800000|  0%| F|  |TAMS 0x00000000c1700000, 0x00000000c1700000| Untracked 
|   4|0x00000000c1800000, 0x00000000c1800000, 0x00000000c1900000|  0%| F|  |TAMS 0x00000000c1800000, 0x00000000c1800000| Untracked 
|   5|0x00000000c1900000, 0x00000000c1900000, 0x00000000c1a00000|  0%| F|  |TAMS 0x00000000c1900000, 0x00000000c1900000| Untracked 
|   6|0x00000000c1a00000, 0x00000000c1a00000, 0x00000000c1b00000|  0%| F|  |TAMS 0x00000000c1a00000, 0x00000000c1a00000| Untracked 
|   7|0x00000000c1b00000, 0x00000000c1b00000, 0x00000000c1c00000|  0%| F|  |TAMS 0x00000000c1b00000, 0x00000000c1b00000| Untracked 
|   8|0x00000000c1c00000, 0x00000000c1c00000, 0x00000000c1d00000|  0%| F|  |TAMS 0x00000000c1c00000, 0x00000000c1c00000| Untracked 
|   9|0x00000000c1d00000, 0x00000000c1d00000, 0x00000000c1e00000|  0%| F|  |TAMS 0x00000000c1d00000, 0x00000000c1d00000| Untracked 
|  10|0x00000000c1e00000, 0x00000000c1e00000, 0x00000000c1f00000|  0%| F|  |TAMS 0x00000000c1e00000, 0x00000000c1e00000| Untracked 
|  11|0x00000000c1f00000, 0x00000000c1f00000, 0x00000000c2000000|  0%| F|  |TAMS 0x00000000c1f00000, 0x00000000c1f00000| Untracked 
|  12|0x00000000c2000000, 0x00000000c2000000, 0x00000000c2100000|  0%| F|  |TAMS 0x00000000c2000000, 0x00000000c2000000| Untracked 
|  13|0x00000000c2100000, 0x00000000c2100000, 0x00000000c2200000|  0%| F|  |TAMS 0x00000000c2100000, 0x00000000c2100000| Untracked 
|  14|0x00000000c2200000, 0x00000000c2200000, 0x00000000c2300000|  0%| F|  |TAMS 0x00000000c2200000, 0x00000000c2200000| Untracked 
|  15|0x00000000c2300000, 0x00000000c2300000, 0x00000000c2400000|  0%| F|  |TAMS 0x00000000c2300000, 0x00000000c2300000| Untracked 
|  16|0x00000000c2400000, 0x00000000c2400000, 0x00000000c2500000|  0%| F|  |TAMS 0x00000000c2400000, 0x00000000c2400000| Untracked 
|  17|0x00000000c2500000, 0x00000000c2500000, 0x00000000c2600000|  0%| F|  |TAMS 0x00000000c2500000, 0x00000000c2500000| Untracked 
|  18|0x00000000c2600000, 0x00000000c2600000, 0x00000000c2700000|  0%| F|  |TAMS 0x00000000c2600000, 0x00000000c2600000| Untracked 
|  19|0x00000000c2700000, 0x00000000c2700000, 0x00000000c2800000|  0%| F|  |TAMS 0x00000000c2700000, 0x00000000c2700000| Untracked 
|  20|0x00000000c2800000, 0x00000000c2800000, 0x00000000c2900000|  0%| F|  |TAMS 0x00000000c2800000, 0x00000000c2800000| Untracked 
|  21|0x00000000c2900000, 0x00000000c2900000, 0x00000000c2a00000|  0%| F|  |TAMS 0x00000000c2900000, 0x00000000c2900000| Untracked 
|  22|0x00000000c2a00000, 0x00000000c2a00000, 0x00000000c2b00000|  0%| F|  |TAMS 0x00000000c2a00000, 0x00000000c2a00000| Untracked 
|  23|0x00000000c2b00000, 0x00000000c2b00000, 0x00000000c2c00000|  0%| F|  |TAMS 0x00000000c2b00000, 0x00000000c2b00000| Untracked 
|  24|0x00000000c2c00000, 0x00000000c2c00000, 0x00000000c2d00000|  0%| F|  |TAMS 0x00000000c2c00000, 0x00000000c2c00000| Untracked 
|  25|0x00000000c2d00000, 0x00000000c2d00000, 0x00000000c2e00000|  0%| F|  |TAMS 0x00000000c2d00000, 0x00000000c2d00000| Untracked 
|  26|0x00000000c2e00000, 0x00000000c2e00000, 0x00000000c2f00000|  0%| F|  |TAMS 0x00000000c2e00000, 0x00000000c2e00000| Untracked 
|  27|0x00000000c2f00000, 0x00000000c2f00000, 0x00000000c3000000|  0%| F|  |TAMS 0x00000000c2f00000, 0x00000000c2f00000| Untracked 
|  28|0x00000000c3000000, 0x00000000c3000000, 0x00000000c3100000|  0%| F|  |TAMS 0x00000000c3000000, 0x00000000c3000000| Untracked 
|  29|0x00000000c3100000, 0x00000000c3100000, 0x00000000c3200000|  0%| F|  |TAMS 0x00000000c3100000, 0x00000000c3100000| Untracked 
|  30|0x00000000c3200000, 0x00000000c3200000, 0x00000000c3300000|  0%| F|  |TAMS 0x00000000c3200000, 0x00000000c3200000| Untracked 
|  31|0x00000000c3300000, 0x00000000c3300000, 0x00000000c3400000|  0%| F|  |TAMS 0x00000000c3300000, 0x00000000c3300000| Untracked 
|  32|0x00000000c3400000, 0x00000000c3400000, 0x00000000c3500000|  0%| F|  |TAMS 0x00000000c3400000, 0x00000000c3400000| Untracked 
|  33|0x00000000c3500000, 0x00000000c3500000, 0x00000000c3600000|  0%| F|  |TAMS 0x00000000c3500000, 0x00000000c3500000| Untracked 
|  34|0x00000000c3600000, 0x00000000c3600000, 0x00000000c3700000|  0%| F|  |TAMS 0x00000000c3600000, 0x00000000c3600000| Untracked 
|  35|0x00000000c3700000, 0x00000000c3700000, 0x00000000c3800000|  0%| F|  |TAMS 0x00000000c3700000, 0x00000000c3700000| Untracked 
|  36|0x00000000c3800000, 0x00000000c3800000, 0x00000000c3900000|  0%| F|  |TAMS 0x00000000c3800000, 0x00000000c3800000| Untracked 
|  37|0x00000000c3900000, 0x00000000c3900000, 0x00000000c3a00000|  0%| F|  |TAMS 0x00000000c3900000, 0x00000000c3900000| Untracked 
|  38|0x00000000c3a00000, 0x00000000c3a00000, 0x00000000c3b00000|  0%| F|  |TAMS 0x00000000c3a00000, 0x00000000c3a00000| Untracked 
|  39|0x00000000c3b00000, 0x00000000c3b00000, 0x00000000c3c00000|  0%| F|  |TAMS 0x00000000c3b00000, 0x00000000c3b00000| Untracked 
|  40|0x00000000c3c00000, 0x00000000c3c00000, 0x00000000c3d00000|  0%| F|  |TAMS 0x00000000c3c00000, 0x00000000c3c00000| Untracked 
|  41|0x00000000c3d00000, 0x00000000c3d00000, 0x00000000c3e00000|  0%| F|  |TAMS 0x00000000c3d00000, 0x00000000c3d00000| Untracked 
|  42|0x00000000c3e00000, 0x00000000c3e00000, 0x00000000c3f00000|  0%| F|  |TAMS 0x00000000c3e00000, 0x00000000c3e00000| Untracked 
|  43|0x00000000c3f00000, 0x00000000c3f00000, 0x00000000c4000000|  0%| F|  |TAMS 0x00000000c3f00000, 0x00000000c3f00000| Untracked 
|  44|0x00000000c4000000, 0x00000000c4000000, 0x00000000c4100000|  0%| F|  |TAMS 0x00000000c4000000, 0x00000000c4000000| Untracked 
|  45|0x00000000c4100000, 0x00000000c4100000, 0x00000000c4200000|  0%| F|  |TAMS 0x00000000c4100000, 0x00000000c4100000| Untracked 
|  46|0x00000000c4200000, 0x00000000c4200000, 0x00000000c4300000|  0%| F|  |TAMS 0x00000000c4200000, 0x00000000c4200000| Untracked 
|  47|0x00000000c4300000, 0x00000000c4300000, 0x00000000c4400000|  0%| F|  |TAMS 0x00000000c4300000, 0x00000000c4300000| Untracked 
|  48|0x00000000c4400000, 0x00000000c4400000, 0x00000000c4500000|  0%| F|  |TAMS 0x00000000c4400000, 0x00000000c4400000| Untracked 
|  49|0x00000000c4500000, 0x00000000c4500000, 0x00000000c4600000|  0%| F|  |TAMS 0x00000000c4500000, 0x00000000c4500000| Untracked 
|  50|0x00000000c4600000, 0x00000000c4600000, 0x00000000c4700000|  0%| F|  |TAMS 0x00000000c4600000, 0x00000000c4600000| Untracked 
|  51|0x00000000c4700000, 0x00000000c4700000, 0x00000000c4800000|  0%| F|  |TAMS 0x00000000c4700000, 0x00000000c4700000| Untracked 
|  52|0x00000000c4800000, 0x00000000c4800000, 0x00000000c4900000|  0%| F|  |TAMS 0x00000000c4800000, 0x00000000c4800000| Untracked 
|  53|0x00000000c4900000, 0x00000000c4900000, 0x00000000c4a00000|  0%| F|  |TAMS 0x00000000c4900000, 0x00000000c4900000| Untracked 
|  54|0x00000000c4a00000, 0x00000000c4a00000, 0x00000000c4b00000|  0%| F|  |TAMS 0x00000000c4a00000, 0x00000000c4a00000| Untracked 
|  55|0x00000000c4b00000, 0x00000000c4b00000, 0x00000000c4c00000|  0%| F|  |TAMS 0x00000000c4b00000, 0x00000000c4b00000| Untracked 
|  56|0x00000000c4c00000, 0x00000000c4c77c50, 0x00000000c4d00000| 46%| E|  |TAMS 0x00000000c4c00000, 0x00000000c4c00000| Complete 
|  57|0x00000000c4d00000, 0x00000000c4e00000, 0x00000000c4e00000|100%| E|CS|TAMS 0x00000000c4d00000, 0x00000000c4d00000| Complete 
|  58|0x00000000c4e00000, 0x00000000c4f00000, 0x00000000c4f00000|100%| E|CS|TAMS 0x00000000c4e00000, 0x00000000c4e00000| Complete 
|  59|0x00000000c4f00000, 0x00000000c5000000, 0x00000000c5000000|100%| E|CS|TAMS 0x00000000c4f00000, 0x00000000c4f00000| Complete 
|  60|0x00000000c5000000, 0x00000000c5100000, 0x00000000c5100000|100%| E|CS|TAMS 0x00000000c5000000, 0x00000000c5000000| Complete 
|  61|0x00000000c5100000, 0x00000000c5200000, 0x00000000c5200000|100%| E|CS|TAMS 0x00000000c5100000, 0x00000000c5100000| Complete 
|  62|0x00000000c5200000, 0x00000000c5300000, 0x00000000c5300000|100%| E|CS|TAMS 0x00000000c5200000, 0x00000000c5200000| Complete 
|  63|0x00000000c5300000, 0x00000000c5400000, 0x00000000c5400000|100%| E|CS|TAMS 0x00000000c5300000, 0x00000000c5300000| Complete 

Card table byte_map: [0x0000021d5e3c0000,0x0000021d5e5c0000] _byte_map_base: 0x0000021d5ddb6000

Marking Bits (Prev, Next): (CMBitMap*) 0x0000021d473c3620, (CMBitMap*) 0x0000021d473c3660
 Prev Bits: [0x0000021d5e7c0000, 0x0000021d5f770000)
 Next Bits: [0x0000021d5f770000, 0x0000021d60720000)

Polling page: 0x0000021d452e0000

Metaspace:

Usage:
  Non-class:      2.57 MB used.
      Class:    187.95 KB used.
       Both:      2.76 MB used.

Virtual space:
  Non-class space:        8.00 MB reserved,       2.69 MB ( 34%) committed,  1 nodes.
      Class space:        1.00 GB reserved,     256.00 KB ( <1%) committed,  1 nodes.
             Both:        1.01 GB reserved,       2.94 MB ( <1%) committed. 

Chunk freelists:
   Non-Class:  2.84 MB
       Class:  3.67 MB
        Both:  6.51 MB

MaxMetaspaceSize: unlimited
CompressedClassSpaceSize: 1.00 GB
Initial GC threshold: 21.00 MB
Current GC threshold: 21.00 MB
CDS: on
MetaspaceReclaimPolicy: balanced
 - commit_granule_bytes: 65536.
 - commit_granule_words: 8192.
 - virtual_space_node_default_size: 1048576.
 - enlarge_chunks_in_place: 1.
 - new_chunks_are_fully_committed: 0.
 - uncommit_free_chunks: 1.
 - use_allocation_guard: 0.
 - handle_deallocations: 1.


Internal statistics:

num_allocs_failed_limit: 0.
num_arena_births: 64.
num_arena_deaths: 0.
num_vsnodes_births: 2.
num_vsnodes_deaths: 0.
num_space_committed: 47.
num_space_uncommitted: 0.
num_chunks_returned_to_freelist: 0.
num_chunks_taken_from_freelist: 123.
num_chunk_merges: 0.
num_chunk_splits: 80.
num_chunks_enlarged: 54.
num_purges: 0.
num_inconsistent_stats: 0.

CodeHeap 'non-profiled nmethods': size=120000Kb used=177Kb max_used=177Kb free=119822Kb
 bounds [0x0000021d56960000, 0x0000021d56bd0000, 0x0000021d5de90000]
CodeHeap 'profiled nmethods': size=120000Kb used=795Kb max_used=795Kb free=119204Kb
 bounds [0x0000021d4f430000, 0x0000021d4f6a0000, 0x0000021d56960000]
CodeHeap 'non-nmethods': size=5760Kb used=1589Kb max_used=1603Kb free=4170Kb
 bounds [0x0000021d4ee90000, 0x0000021d4f100000, 0x0000021d4f430000]
 total_blobs=1580 nmethods=565 adapters=928
 compilation: enabled
              stopped_count=0, restarted_count=0
 full_count=0

Compilation events (20 events):
Event: 2.517 Thread 0x0000021d630fb470 nmethod 553 0x0000021d4f4f3210 code [0x0000021d4f4f33c0, 0x0000021d4f4f3618]
Event: 2.517 Thread 0x0000021d630fb470  554       3       java.lang.Integer::getChars (131 bytes)
Event: 2.517 Thread 0x0000021d630fb470 nmethod 554 0x0000021d4f4f3710 code [0x0000021d4f4f38e0, 0x0000021d4f4f3d18]
Event: 2.517 Thread 0x0000021d630fb470  550       3       jdk.internal.ref.PhantomCleanable::<init> (49 bytes)
Event: 2.518 Thread 0x0000021d630f29c0 nmethod 549 0x0000021d5698a790 code [0x0000021d5698a920, 0x0000021d5698aae8]
Event: 2.519 Thread 0x0000021d630fb470 nmethod 550 0x0000021d4f4f3f90 code [0x0000021d4f4f41e0, 0x0000021d4f4f4cf8]
Event: 2.519 Thread 0x0000021d630fb470  551       3       java.io.InputStream::<init> (5 bytes)
Event: 2.519 Thread 0x0000021d630fb470 nmethod 551 0x0000021d4f4f5090 code [0x0000021d4f4f5220, 0x0000021d4f4f5378]
Event: 2.519 Thread 0x0000021d630fb470  552       1       java.net.URLStreamHandler::getDefaultPort (2 bytes)
Event: 2.519 Thread 0x0000021d630fb470 nmethod 552 0x0000021d5698b610 code [0x0000021d5698b7a0, 0x0000021d5698b878]
Event: 2.523 Thread 0x0000021d630fb470  559       3       java.lang.StringLatin1::regionMatchesCI (98 bytes)
Event: 2.523 Thread 0x0000021d630fb470 nmethod 559 0x0000021d4f4f5410 code [0x0000021d4f4f5640, 0x0000021d4f4f5d98]
Event: 2.525 Thread 0x0000021d630fb470  560       3       java.lang.AbstractStringBuilder::append (55 bytes)
Event: 2.526 Thread 0x0000021d630fb470 nmethod 560 0x0000021d4f4f6110 code [0x0000021d4f4f62e0, 0x0000021d4f4f6618]
Event: 2.526 Thread 0x0000021d630fb470  562       3       sun.misc.Unsafe::putLong (11 bytes)
Event: 2.526 Thread 0x0000021d630fb470 nmethod 562 0x0000021d4f4f6790 code [0x0000021d4f4f6920, 0x0000021d4f4f6a38]
Event: 2.526 Thread 0x0000021d630fb470  563       3       org.lwjgl.system.MemoryUtil::memPutAddress (29 bytes)
Event: 2.526 Thread 0x0000021d630f29c0  564       4       java.lang.Integer::toUnsignedLong (7 bytes)
Event: 2.526 Thread 0x0000021d630fb470 nmethod 563 0x0000021d4f4f6b10 code [0x0000021d4f4f6cc0, 0x0000021d4f4f6eb8]
Event: 2.527 Thread 0x0000021d630f29c0 nmethod 564 0x0000021d5698bd10 code [0x0000021d5698be80, 0x0000021d5698bed8]

GC Heap History (0 events):
No events

Dll operation events (11 events):
Event: 0.019 Loaded shared library C:\Users\David\.jdks\corretto-17.0.5\bin\java.dll
Event: 0.038 Loaded shared library C:\Users\David\.jdks\corretto-17.0.5\bin\jsvml.dll
Event: 0.198 Loaded shared library C:\Users\David\.jdks\corretto-17.0.5\bin\zip.dll
Event: 0.205 Loaded shared library C:\Users\David\.jdks\corretto-17.0.5\bin\instrument.dll
Event: 0.222 Loaded shared library C:\Users\David\.jdks\corretto-17.0.5\bin\net.dll
Event: 0.225 Loaded shared library C:\Users\David\.jdks\corretto-17.0.5\bin\nio.dll
Event: 0.233 Loaded shared library C:\Users\David\.jdks\corretto-17.0.5\bin\zip.dll
Event: 0.294 Loaded shared library C:\Program Files\JetBrains\IntelliJ IDEA Community Edition 2022.3.1\bin\breakgen64.dll
Event: 0.399 Loaded shared library C:\Users\David\.jdks\corretto-17.0.5\bin\jimage.dll
Event: 0.443 Loaded shared library C:\Users\David\AppData\Local\Temp\lwjgl_David\3.3.3+5\x64\lwjgl.dll
Event: 2.505 Loaded shared library C:\Users\David\AppData\Local\Temp\lwjgl_David\3.3.3+5\x64\lwjgl_opengl.dll

Deoptimization events (20 events):
Event: 0.241 Thread 0x0000021d473871f0 Uncommon trap: trap_request=0xffffffde fr.pc=0x0000021d5696cbfc relative=0x000000000000079c
Event: 0.241 Thread 0x0000021d473871f0 Uncommon trap: reason=class_check action=maybe_recompile pc=0x0000021d5696cbfc method=java.util.HashMap.putVal(ILjava/lang/Object;Ljava/lang/Object;ZZ)Ljava/lang/Object; @ 152 c2
Event: 0.241 Thread 0x0000021d473871f0 DEOPT PACKING pc=0x0000021d5696cbfc sp=0x0000002e90afdfb0
Event: 0.241 Thread 0x0000021d473871f0 DEOPT UNPACKING pc=0x0000021d4eee23a3 sp=0x0000002e90afdf30 mode 2
Event: 0.280 Thread 0x0000021d473871f0 Uncommon trap: trap_request=0xffffff45 fr.pc=0x0000021d5696f694 relative=0x0000000000000894
Event: 0.280 Thread 0x0000021d473871f0 Uncommon trap: reason=unstable_if action=reinterpret pc=0x0000021d5696f694 method=java.util.HashMap.putVal(ILjava/lang/Object;Ljava/lang/Object;ZZ)Ljava/lang/Object; @ 181 c2
Event: 0.280 Thread 0x0000021d473871f0 DEOPT PACKING pc=0x0000021d5696f694 sp=0x0000002e90afe910
Event: 0.280 Thread 0x0000021d473871f0 DEOPT UNPACKING pc=0x0000021d4eee23a3 sp=0x0000002e90afe8b0 mode 2
Event: 0.295 Thread 0x0000021d473871f0 Uncommon trap: trap_request=0xffffff45 fr.pc=0x0000021d569719dc relative=0x000000000000005c
Event: 0.295 Thread 0x0000021d473871f0 Uncommon trap: reason=unstable_if action=reinterpret pc=0x0000021d569719dc method=java.lang.String.isLatin1()Z @ 10 c2
Event: 0.295 Thread 0x0000021d473871f0 DEOPT PACKING pc=0x0000021d569719dc sp=0x0000002e90afe5f0
Event: 0.295 Thread 0x0000021d473871f0 DEOPT UNPACKING pc=0x0000021d4eee23a3 sp=0x0000002e90afe580 mode 2
Event: 0.295 Thread 0x0000021d473871f0 Uncommon trap: trap_request=0xffffff45 fr.pc=0x0000021d56970774 relative=0x0000000000000074
Event: 0.295 Thread 0x0000021d473871f0 Uncommon trap: reason=unstable_if action=reinterpret pc=0x0000021d56970774 method=java.lang.String.isLatin1()Z @ 10 c2
Event: 0.295 Thread 0x0000021d473871f0 DEOPT PACKING pc=0x0000021d56970774 sp=0x0000002e90afefc0
Event: 0.295 Thread 0x0000021d473871f0 DEOPT UNPACKING pc=0x0000021d4eee23a3 sp=0x0000002e90afef00 mode 2
Event: 0.456 Thread 0x0000021d473871f0 DEOPT PACKING pc=0x0000021d4f45cb67 sp=0x0000002e90afd4f0
Event: 0.456 Thread 0x0000021d473871f0 DEOPT UNPACKING pc=0x0000021d4eee2b43 sp=0x0000002e90afc910 mode 0
Event: 0.498 Thread 0x0000021d473871f0 DEOPT PACKING pc=0x0000021d4f437951 sp=0x0000002e90afbe10
Event: 0.498 Thread 0x0000021d473871f0 DEOPT UNPACKING pc=0x0000021d4eee2b43 sp=0x0000002e90afb288 mode 0

Classes unloaded (0 events):
No events

Classes redefined (0 events):
No events

Internal exceptions (20 events):
Event: 0.300 Thread 0x0000021d63db7d60 Exception <a 'java/lang/NoSuchMethodError'{0x00000000c51f5ca0}: 'java.lang.Object java.lang.invoke.DirectMethodHandle$Holder.invokeStaticInit(java.lang.Object)'> (0x00000000c51f5ca0) 
thrown [s\src\hotspot\share\interpreter\linkResolver.cpp, line 759]
Event: 0.314 Thread 0x0000021d63db7d60 Exception <a 'java/lang/NoSuchMethodError'{0x00000000c50058c0}: 'void java.lang.invoke.DirectMethodHandle$Holder.invokeStatic(java.lang.Object, java.lang.Object)'> (0x00000000c50058c0) 
thrown [s\src\hotspot\share\interpreter\linkResolver.cpp, line 759]
Event: 0.381 Thread 0x0000021d473871f0 Exception <a 'java/lang/NoSuchMethodError'{0x00000000c4f02f18}: 'void java.lang.invoke.DirectMethodHandle$Holder.invokeSpecial(java.lang.Object, java.lang.Object, java.lang.Object)'> (0x00000000c4f02f18) 
thrown [s\src\hotspot\share\interpreter\linkResolver.cpp, line 759]
Event: 0.385 Thread 0x0000021d473871f0 Exception <a 'java/lang/NoSuchMethodError'{0x00000000c4f15cb0}: 'java.lang.Object java.lang.invoke.DirectMethodHandle$Holder.invokeStatic(java.lang.Object, java.lang.Object, int)'> (0x00000000c4f15cb0) 
thrown [s\src\hotspot\share\interpreter\linkResolver.cpp, line 759]
Event: 0.387 Thread 0x0000021d473871f0 Exception <a 'java/lang/NoSuchMethodError'{0x00000000c4f21a20}: 'void java.lang.invoke.DelegatingMethodHandle$Holder.delegate(java.lang.Object, java.lang.Object, int, java.lang.Object)'> (0x00000000c4f21a20) 
thrown [s\src\hotspot\share\interpreter\linkResolver.cpp, line 759]
Event: 0.388 Thread 0x0000021d473871f0 Exception <a 'java/lang/NoSuchMethodError'{0x00000000c4f25a58}: 'int java.lang.invoke.DirectMethodHandle$Holder.invokeSpecial(java.lang.Object, java.lang.Object, java.lang.Object)'> (0x00000000c4f25a58) 
thrown [s\src\hotspot\share\interpreter\linkResolver.cpp, line 759]
Event: 0.439 Thread 0x0000021d473871f0 Exception <a 'sun/nio/fs/WindowsException'{0x00000000c4f71918}> (0x00000000c4f71918) 
thrown [s\src\hotspot\share\prims\jni.cpp, line 516]
Event: 0.439 Thread 0x0000021d473871f0 Exception <a 'sun/nio/fs/WindowsException'{0x00000000c4f71e68}> (0x00000000c4f71e68) 
thrown [s\src\hotspot\share\prims\jni.cpp, line 516]
Event: 0.471 Thread 0x0000021d473871f0 Exception <a 'sun/nio/fs/WindowsException'{0x00000000c4fb6c50}> (0x00000000c4fb6c50) 
thrown [s\src\hotspot\share\prims\jni.cpp, line 516]
Event: 0.471 Thread 0x0000021d473871f0 Exception <a 'sun/nio/fs/WindowsException'{0x00000000c4fb6fb0}> (0x00000000c4fb6fb0) 
thrown [s\src\hotspot\share\prims\jni.cpp, line 516]
Event: 0.489 Thread 0x0000021d473871f0 Exception <a 'java/lang/NoSuchMethodError'{0x00000000c4e03d98}: 'int java.lang.invoke.DirectMethodHandle$Holder.invokeStaticInit(java.lang.Object, java.lang.Object, int, long)'> (0x00000000c4e03d98) 
thrown [s\src\hotspot\share\interpreter\linkResolver.cpp, line 759]
Event: 0.490 Thread 0x0000021d473871f0 Exception <a 'java/lang/NoSuchMethodError'{0x00000000c4e09660}: 'java.lang.Object java.lang.invoke.DirectMethodHandle$Holder.newInvokeSpecial(java.lang.Object, java.lang.Object, int)'> (0x00000000c4e09660) 
thrown [s\src\hotspot\share\interpreter\linkResolver.cpp, line 759]
Event: 0.493 Thread 0x0000021d473871f0 Exception <a 'java/lang/NoSuchMethodError'{0x00000000c4e187e0}: 'int java.lang.invoke.DirectMethodHandle$Holder.invokeStaticInit(java.lang.Object, java.lang.Object, long, long)'> (0x00000000c4e187e0) 
thrown [s\src\hotspot\share\interpreter\linkResolver.cpp, line 759]
Event: 0.495 Thread 0x0000021d473871f0 Exception <a 'java/lang/NoSuchMethodError'{0x00000000c4e1e8f0}: 'java.lang.Object java.lang.invoke.DirectMethodHandle$Holder.newInvokeSpecial(java.lang.Object, java.lang.Object, long)'> (0x00000000c4e1e8f0) 
thrown [s\src\hotspot\share\interpreter\linkResolver.cpp, line 759]
Event: 0.495 Thread 0x0000021d473871f0 Exception <a 'java/lang/NoSuchMethodError'{0x00000000c4e22938}: 'java.lang.Object java.lang.invoke.Invokers$Holder.linkToTargetMethod(java.lang.Object, long, java.lang.Object)'> (0x00000000c4e22938) 
thrown [s\src\hotspot\share\interpreter\linkResolver.cpp, line 759]
Event: 0.497 Thread 0x0000021d473871f0 Exception <a 'java/lang/NoSuchMethodError'{0x00000000c4e2a050}: 'int java.lang.invoke.DirectMethodHandle$Holder.invokeStaticInit(java.lang.Object, java.lang.Object, java.lang.Object, long)'> (0x00000000c4e2a050) 
thrown [s\src\hotspot\share\interpreter\linkResolver.cpp, line 759]
Event: 2.501 Thread 0x0000021d473871f0 Exception <a 'sun/nio/fs/WindowsException'{0x00000000c4df9900}> (0x00000000c4df9900) 
thrown [s\src\hotspot\share\prims\jni.cpp, line 516]
Event: 2.501 Thread 0x0000021d473871f0 Exception <a 'sun/nio/fs/WindowsException'{0x00000000c4df9ca0}> (0x00000000c4df9ca0) 
thrown [s\src\hotspot\share\prims\jni.cpp, line 516]
Event: 2.511 Thread 0x0000021d473871f0 Exception <a 'sun/nio/fs/WindowsException'{0x00000000c4c07ef8}> (0x00000000c4c07ef8) 
thrown [s\src\hotspot\share\prims\jni.cpp, line 516]
Event: 2.511 Thread 0x0000021d473871f0 Exception <a 'sun/nio/fs/WindowsException'{0x00000000c4c081c8}> (0x00000000c4c081c8) 
thrown [s\src\hotspot\share\prims\jni.cpp, line 516]

VM Operations (6 events):
Event: 0.166 Executing VM operation: HandshakeAllThreads
Event: 0.166 Executing VM operation: HandshakeAllThreads done
Event: 0.298 Executing VM operation: HandshakeAllThreads
Event: 0.298 Executing VM operation: HandshakeAllThreads done
Event: 1.306 Executing VM operation: Cleanup
Event: 1.307 Executing VM operation: Cleanup done

Events (20 events):
Event: 1.112 loading class sun/util/locale/provider/TimeZoneNameProviderImpl done
Event: 1.112 loading class sun/util/cldr/CLDRTimeZoneNameProviderImpl done
Event: 1.120 loading class sun/util/locale/provider/BaseLocaleDataMetaInfo
Event: 1.120 loading class sun/util/locale/provider/BaseLocaleDataMetaInfo done
Event: 1.125 loading class sun/util/resources/cldr/TimeZoneNames
Event: 1.125 loading class sun/util/resources/TimeZoneNamesBundle
Event: 1.125 loading class sun/util/resources/OpenListResourceBundle
Event: 1.125 loading class sun/util/resources/OpenListResourceBundle done
Event: 1.125 loading class sun/util/resources/TimeZoneNamesBundle done
Event: 1.125 loading class sun/util/resources/cldr/TimeZoneNames done
Event: 1.127 loading class sun/util/resources/cldr/TimeZoneNames_en
Event: 1.129 loading class sun/util/resources/cldr/TimeZoneNames_en done
Event: 1.129 loading class sun/util/resources/cldr/TimeZoneNames_en_US
Event: 1.129 loading class sun/util/resources/cldr/TimeZoneNames_en_US done
Event: 1.131 loading class java/util/LinkedHashMap$LinkedKeySet
Event: 1.131 loading class java/util/LinkedHashMap$LinkedKeySet done
Event: 2.498 loading class jdk/internal/misc/ScopedMemoryAccess$Scope
Event: 2.498 loading class jdk/internal/misc/ScopedMemoryAccess$Scope done
Event: 2.520 loading class java/util/Formatter$FixedString
Event: 2.520 loading class java/util/Formatter$FixedString done


Dynamic libraries:
0x00007ff741220000 - 0x00007ff74122d000 	C:\Users\David\.jdks\corretto-17.0.5\bin\java.exe
0x00007ff9f9210000 - 0x00007ff9f9407000 	C:\Windows\SYSTEM32\ntdll.dll
0x00007ff9f7410000 - 0x00007ff9f74cd000 	C:\Windows\System32\KERNEL32.DLL
0x00007ff9f6f40000 - 0x00007ff9f7236000 	C:\Windows\System32\KERNELBASE.dll
0x00007ff9f6c40000 - 0x00007ff9f6d40000 	C:\Windows\System32\ucrtbase.dll
0x00007ff9e6c00000 - 0x00007ff9e6c17000 	C:\Users\David\.jdks\corretto-17.0.5\bin\jli.dll
0x00007ff9e4660000 - 0x00007ff9e4675000 	C:\Users\David\.jdks\corretto-17.0.5\bin\VCRUNTIME140.dll
0x00007ff9f7270000 - 0x00007ff9f740e000 	C:\Windows\System32\USER32.dll
0x00007ff9f7240000 - 0x00007ff9f7262000 	C:\Windows\System32\win32u.dll
0x00007ff9f7cd0000 - 0x00007ff9f7cfc000 	C:\Windows\System32\GDI32.dll
0x00007ff9e5690000 - 0x00007ff9e592a000 	C:\Windows\WinSxS\amd64_microsoft.windows.common-controls_6595b64144ccf1df_6.0.19041.3570_none_60bb2a3971f3e41a\COMCTL32.dll
0x00007ff9f9130000 - 0x00007ff9f91ce000 	C:\Windows\System32\msvcrt.dll
0x00007ff9f6d40000 - 0x00007ff9f6e5a000 	C:\Windows\System32\gdi32full.dll
0x00007ff9f6940000 - 0x00007ff9f69dd000 	C:\Windows\System32\msvcp_win.dll
0x00007ff9f74d0000 - 0x00007ff9f7500000 	C:\Windows\System32\IMM32.DLL
0x00007ff9e45c0000 - 0x00007ff9e465b000 	C:\Users\David\.jdks\corretto-17.0.5\bin\msvcp140.dll
0x00007ff9b3c20000 - 0x00007ff9b4834000 	C:\Users\David\.jdks\corretto-17.0.5\bin\server\jvm.dll
0x00007ff9f7d00000 - 0x00007ff9f7dae000 	C:\Windows\System32\ADVAPI32.dll
0x00007ff9f8e80000 - 0x00007ff9f8f1c000 	C:\Windows\System32\sechost.dll
0x00007ff9f7e10000 - 0x00007ff9f7f36000 	C:\Windows\System32\RPCRT4.dll
0x00007ff9e6360000 - 0x00007ff9e6387000 	C:\Windows\SYSTEM32\WINMM.dll
0x00007ff9f1ee0000 - 0x00007ff9f1ee9000 	C:\Windows\SYSTEM32\WSOCK32.dll
0x00007ff9e83d0000 - 0x00007ff9e83da000 	C:\Windows\SYSTEM32\VERSION.dll
0x00007ff9f90c0000 - 0x00007ff9f912b000 	C:\Windows\System32\WS2_32.dll
0x00007ff9f4790000 - 0x00007ff9f47a2000 	C:\Windows\SYSTEM32\kernel.appcore.dll
0x00007ff9e45b0000 - 0x00007ff9e45ba000 	C:\Users\David\.jdks\corretto-17.0.5\bin\jimage.dll
0x00007ff9f0fe0000 - 0x00007ff9f11c4000 	C:\Windows\SYSTEM32\DBGHELP.DLL
0x00007ff9efa20000 - 0x00007ff9efa54000 	C:\Windows\SYSTEM32\dbgcore.DLL
0x00007ff9f6b40000 - 0x00007ff9f6bc2000 	C:\Windows\System32\bcryptPrimitives.dll
0x00007ff9e45a0000 - 0x00007ff9e45ae000 	C:\Users\David\.jdks\corretto-17.0.5\bin\instrument.dll
0x00007ff9e4570000 - 0x00007ff9e4595000 	C:\Users\David\.jdks\corretto-17.0.5\bin\java.dll
0x00007ff9e4490000 - 0x00007ff9e4566000 	C:\Users\David\.jdks\corretto-17.0.5\bin\jsvml.dll
0x00007ff9f7580000 - 0x00007ff9f7cc4000 	C:\Windows\System32\SHELL32.dll
0x00007ff9f4990000 - 0x00007ff9f512b000 	C:\Windows\SYSTEM32\windows.storage.dll
0x00007ff9f8170000 - 0x00007ff9f84c4000 	C:\Windows\System32\combase.dll
0x00007ff9f6260000 - 0x00007ff9f628d000 	C:\Windows\SYSTEM32\Wldp.dll
0x00007ff9f8f30000 - 0x00007ff9f8fdd000 	C:\Windows\System32\SHCORE.dll
0x00007ff9f84d0000 - 0x00007ff9f8525000 	C:\Windows\System32\shlwapi.dll
0x00007ff9f6820000 - 0x00007ff9f6845000 	C:\Windows\SYSTEM32\profapi.dll
0x00007ff9e4430000 - 0x00007ff9e4448000 	C:\Users\David\.jdks\corretto-17.0.5\bin\zip.dll
0x00007ff9e4470000 - 0x00007ff9e4489000 	C:\Users\David\.jdks\corretto-17.0.5\bin\net.dll
0x00007ff9ed9f0000 - 0x00007ff9edafa000 	C:\Windows\SYSTEM32\WINHTTP.dll
0x00007ff9f5fc0000 - 0x00007ff9f602a000 	C:\Windows\system32\mswsock.dll
0x00007ff9e4450000 - 0x00007ff9e4465000 	C:\Users\David\.jdks\corretto-17.0.5\bin\nio.dll
0x00007ff9e4410000 - 0x00007ff9e442a000 	C:\Program Files\JetBrains\IntelliJ IDEA Community Edition 2022.3.1\bin\breakgen64.dll
0x00007ff9e4380000 - 0x00007ff9e43fb000 	C:\Users\David\AppData\Local\Temp\lwjgl_David\3.3.3+5\x64\lwjgl.dll
0x00007ff9e42f0000 - 0x00007ff9e4372000 	C:\Users\David\AppData\Local\Temp\lwjgl_David\3.3.3+5\x64\glfw.dll
0x00007ff9e3c10000 - 0x00007ff9e3c55000 	C:\Windows\SYSTEM32\dinput8.dll
0x00007ff9e42d0000 - 0x00007ff9e42e1000 	C:\Windows\SYSTEM32\xinput1_4.dll
0x00007ff9f68f0000 - 0x00007ff9f693e000 	C:\Windows\System32\cfgmgr32.dll
0x00007ff9f65b0000 - 0x00007ff9f65e3000 	C:\Windows\SYSTEM32\DEVOBJ.dll
0x00007ff9f44a0000 - 0x00007ff9f44cf000 	C:\Windows\SYSTEM32\dwmapi.dll
0x00007ff9e9ed0000 - 0x00007ff9ea022000 	C:\Windows\SYSTEM32\inputhost.dll
0x00007ff9f8c00000 - 0x00007ff9f8ccd000 	C:\Windows\System32\OLEAUT32.dll
0x00007ff9f3380000 - 0x00007ff9f34d5000 	C:\Windows\SYSTEM32\wintypes.dll
0x00007ff9f3db0000 - 0x00007ff9f3ea2000 	C:\Windows\SYSTEM32\CoreMessaging.dll
0x00007ff9f2420000 - 0x00007ff9f2516000 	C:\Windows\SYSTEM32\PROPSYS.dll
0x00007ff9f3a50000 - 0x00007ff9f3dab000 	C:\Windows\SYSTEM32\CoreUIComponents.dll
0x00007ff9f59f0000 - 0x00007ff9f5a23000 	C:\Windows\SYSTEM32\ntmarta.dll
0x00007ff9f42c0000 - 0x00007ff9f435e000 	C:\Windows\system32\uxtheme.dll
0x0000000180000000 - 0x00000001834b3000 	C:\Program Files (x86)\RivaTuner Statistics Server\RTSSHooks64.dll
0x00007ff9f8530000 - 0x00007ff9f899e000 	C:\Windows\System32\SETUPAPI.dll
0x00007ff9f6e60000 - 0x00007ff9f6e87000 	C:\Windows\System32\bcrypt.dll
0x00000000688c0000 - 0x00000000688fc000 	C:\Fraps\fraps64.dll
0x00007ff9f8ae0000 - 0x00007ff9f8bf4000 	C:\Windows\System32\MSCTF.dll
0x00007ff9d2f70000 - 0x00007ff9d3095000 	C:\Windows\SYSTEM32\opengl32.dll
0x00007ff9e6d20000 - 0x00007ff9e6d4c000 	C:\Windows\SYSTEM32\GLU32.dll
0x00007ff9f8060000 - 0x00007ff9f8109000 	C:\Windows\System32\clbcatq.dll
0x00007ff981420000 - 0x00007ff984d94000 	C:\Windows\SYSTEM32\mesadrv.dll
0x00007ff9f89b0000 - 0x00007ff9f8adb000 	C:\Windows\System32\ole32.dll
0x00007ff9e3b20000 - 0x00007ff9e3b79000 	C:\Windows\SYSTEM32\libglapi.dll
0x00007ff9f61b0000 - 0x00007ff9f61bc000 	C:\Windows\SYSTEM32\CRYPTBASE.DLL
0x00007ff9f5190000 - 0x00007ff9f5283000 	C:\Windows\SYSTEM32\dxgi.dll
0x00007ff9e30a0000 - 0x00007ff9e30ec000 	C:\ProgramData\obs-studio-hook\graphics-hook64.dll
0x00007ff9ea030000 - 0x00007ff9ea12a000 	C:\Windows\SYSTEM32\textinputframework.dll
0x00007ff9d8b40000 - 0x00007ff9d8ba6000 	C:\Windows\system32\Oleacc.dll
0x00007ff9e0230000 - 0x00007ff9e028e000 	C:\Users\David\AppData\Local\Temp\lwjgl_David\3.3.3+5\x64\lwjgl_opengl.dll

dbghelp: loaded successfully - version: 4.0.5 - missing functions: none
symbol engine: initialized successfully - sym options: 0x614 - pdb path: .;C:\Users\David\.jdks\corretto-17.0.5\bin;C:\Windows\SYSTEM32;C:\Windows\WinSxS\amd64_microsoft.windows.common-controls_6595b64144ccf1df_6.0.19041.3570_none_60bb2a3971f3e41a;C:\Users\David\.jdks\corretto-17.0.5\bin\server;C:\Program Files\JetBrains\IntelliJ IDEA Community Edition 2022.3.1\bin;C:\Users\David\AppData\Local\Temp\lwjgl_David\3.3.3+5\x64;C:\Program Files (x86)\RivaTuner Statistics Server;C:\Fraps;C:\ProgramData\obs-studio-hook

VM Arguments:
jvm_args: -javaagent:C:\Program Files\JetBrains\IntelliJ IDEA Community Edition 2022.3.1\lib\idea_rt.jar=63952:C:\Program Files\JetBrains\IntelliJ IDEA Community Edition 2022.3.1\bin -Dfile.encoding=UTF-8 
java_command: Practice
java_class_path (initial): C:\Users\David\IdeaProjects\StepManiaJavaPort\out\production\StepManiaJavaPort;C:\Users\David\IdeaProjects\StepManiaJavaPort\libs\lwjgl.jar;C:\Users\David\IdeaProjects\StepManiaJavaPort\libs\lwjgl-stb.jar;C:\Users\David\IdeaProjects\StepManiaJavaPort\libs\lwjgl-glfw.jar;C:\Users\David\IdeaProjects\StepManiaJavaPort\libs\lwjgl-assimp.jar;C:\Users\David\IdeaProjects\StepManiaJavaPort\libs\lwjgl-openal.jar;C:\Users\David\IdeaProjects\StepManiaJavaPort\libs\lwjgl-opengl.jar;C:\Users\David\IdeaProjects\StepManiaJavaPort\libs\lwjgl-javadoc.jar;C:\Users\David\IdeaProjects\StepManiaJavaPort\libs\lwjgl-sources.jar;C:\Users\David\IdeaProjects\StepManiaJavaPort\libs\lwjgl-stb-javadoc.jar;C:\Users\David\IdeaProjects\StepManiaJavaPort\libs\lwjgl-stb-sources.jar;C:\Users\David\IdeaProjects\StepManiaJavaPort\libs\lwjgl-glfw-javadoc.jar;C:\Users\David\IdeaProjects\StepManiaJavaPort\libs\lwjgl-glfw-sources.jar;C:\Users\David\IdeaProjects\StepManiaJavaPort\libs\lwjgl-assimp-javadoc.jar;C:\Users\David\IdeaProjects\StepManiaJavaPort\libs\lwjgl-assimp-sources.jar;C:\Users\David\IdeaProjects\StepManiaJavaPort\libs\lwjgl-openal-javadoc.jar;C:\Users\David\IdeaProjects\StepManiaJavaPort\libs\lwjgl-openal-sources.jar;C:\Users\David\IdeaProjects\StepManiaJavaPort\libs\lwjgl-opengl-javadoc.jar;C:\Users\David\IdeaProjects\StepManiaJavaPort\libs\lwjgl-opengl-sources.jar;C:\Users\David\IdeaProjects\StepManiaJavaPort\libs\lwjgl-natives-windows.jar;C:\Users\David\IdeaProjects\StepManiaJavaPort\libs\lwjgl-stb-natives-windows.jar;C:\Users\David\IdeaProjects\StepManiaJavaPort\libs\lwjgl-glfw-natives-windows.jar;C:\Users\David\IdeaProjects\StepManiaJavaPort\libs\lwjgl-assimp-natives-windows.jar;C:\Users\David\IdeaProjects\StepManiaJavaPort\libs\lwjgl-openal-natives-windows.jar;C:\Users\David\IdeaProjects\StepManiaJavaPort\libs\lwjgl-opengl-natives-windows.jar
Launcher Type: SUN_STANDARD

[Global flags]
     intx CICompilerCount                          = 4                                         {product} {ergonomic}
     uint ConcGCThreads                            = 2                                         {product} {ergonomic}
     uint G1ConcRefinementThreads                  = 8                                         {product} {ergonomic}
   size_t G1HeapRegionSize                         = 1048576                                   {product} {ergonomic}
    uintx GCDrainStackTargetSize                   = 64                                        {product} {ergonomic}
   size_t InitialHeapSize                          = 67108864                                  {product} {ergonomic}
   size_t MarkStackSize                            = 4194304                                   {product} {ergonomic}
   size_t MaxHeapSize                              = 1052770304                                {product} {ergonomic}
   size_t MaxNewSize                               = 631242752                                 {product} {ergonomic}
   size_t MinHeapDeltaBytes                        = 1048576                                   {product} {ergonomic}
   size_t MinHeapSize                              = 8388608                                   {product} {ergonomic}
    uintx NonNMethodCodeHeapSize                   = 5839372                                {pd product} {ergonomic}
    uintx NonProfiledCodeHeapSize                  = 122909434                              {pd product} {ergonomic}
    uintx ProfiledCodeHeapSize                     = 122909434                              {pd product} {ergonomic}
    uintx ReservedCodeCacheSize                    = 251658240                              {pd product} {ergonomic}
     bool SegmentedCodeCache                       = true                                      {product} {ergonomic}
   size_t SoftMaxHeapSize                          = 1052770304                             {manageable} {ergonomic}
     bool UseCompressedClassPointers               = true                           {product lp64_product} {ergonomic}
     bool UseCompressedOops                        = true                           {product lp64_product} {ergonomic}
     bool UseG1GC                                  = true                                      {product} {ergonomic}
     bool UseLargePagesIndividualAllocation        = false                                  {pd product} {ergonomic}

Logging:
Log output configuration:
 #0: stdout all=warning uptime,level,tags
 #1: stderr all=off uptime,level,tags

Environment Variables:
JAVA_HOME=C:\Program Files\Eclipse Adoptium\jdk-17.0.5.8-hotspot\
PATH=C:\VulkanSDK\1.3.246.1\Bin;C:\Program Files\Eclipse Adoptium\jdk-17.0.5.8-hotspot\bin;C:\Program Files (x86)\NVIDIA Corporation\PhysX\Common;C:\Windows\system32;C:\Windows;C:\Windows\System32\Wbem;C:\Windows\System32\WindowsPowerShell\v1.0\;C:\Windows\System32\OpenSSH\;C:\Program Files (x86)\Intel\OpenCL SDK\2.0\bin\x86;C:\Program Files (x86)\Intel\OpenCL SDK\2.0\bin\x64;C:\Program Files\Git\cmd;C:\Program Files (x86)\Intel\OpenCL SDK\2.0\bin\x86;C:\Program Files (x86)\Intel\OpenCL SDK\2.0\bin\x64;C:\Program Files\dotnet\;C:\Program Files (x86)\GtkSharp\2.12\bin;C:\Users\David\AppData\Local\Microsoft\WindowsApps;;C:\Users\David\AppData\Local\Programs\Microsoft VS Code\bin;C:\Users\David\.dotnet\tools
USERNAME=David
OS=Windows_NT
PROCESSOR_IDENTIFIER=Intel64 Family 6 Model 42 Stepping 7, GenuineIntel
TMP=C:\Users\David\AppData\Local\Temp
TEMP=C:\Users\David\AppData\Local\Temp



---------------  S Y S T E M  ---------------

OS:
 Windows 10 , 64 bit Build 19041 (10.0.19041.3570)
OS uptime: 22 days 4:09 hours

CPU: total 8 (initial active 8) (4 cores per cpu, 2 threads per core) family 6 model 42 stepping 7 microcode 0x2f, cx8, cmov, fxsr, ht, mmx, sse, sse2, sse3, ssse3, sse4.1, sse4.2, popcnt, tsc, tscinvbit, avx, aes, clmul, vzeroupper, clflush

Memory: 4k page, system-wide physical 4009M (304M free)
TotalPageFile size 13954M (AvailPageFile size 2501M)
current process WorkingSet (physical memory assigned to process): 104M, peak: 104M
current process commit charge ("private bytes"): 238M, peak: 238M

vm_info: OpenJDK 64-Bit Server VM (17.0.5+8-LTS) for windows-amd64 JRE (17.0.5+8-LTS), built on Oct 13 2022 05:18:14 by "Administrator" with MS VC++ 15.9 (VS2017)

END.
